2025-02-15 01:14:04 - Webhook received
From github.com:nguyentuantrong075/superadmin
 * branch              main       -> FETCH_HEAD
   f9c75b8a..97286c96  main       -> origin/main
Updating f9c75b8a..97286c96
Fast-forward
 app/Views/B/master.php | 2 +-
 1 file changed, 1 insertion(+), 1 deletion(-)

2025-02-15 01:15:12 - Webhook received
From github.com:nguyentuantrong075/superadmin
 * branch              main       -> FETCH_HEAD
   97286c96..8cf6c3d5  main       -> origin/main
Updating 97286c96..8cf6c3d5
Fast-forward
 app/Views/B/master.php | 2 +-
 1 file changed, 1 insertion(+), 1 deletion(-)

2025-02-15 01:17:36 - Webhook received
From github.com:nguyentuantrong075/superadmin
 * branch              main       -> FETCH_HEAD
Already up to date.

2025-02-15 01:19:59 - Webhook received
From github.com:nguyentuantrong075/superadmin
 * branch              main       -> FETCH_HEAD
   8cf6c3d5..f8fed4b5  main       -> origin/main
Updating 8cf6c3d5..f8fed4b5
Fast-forward
 .env | 2 +-
 1 file changed, 1 insertion(+), 1 deletion(-)

2025-02-16 22:41:46 - Webhook received
Warning: Permanently added the ECDSA host key for IP address '20.205.243.166' to the list of known hosts.
From github.com:nguyentuantrong075/superadmin
 * branch              main       -> FETCH_HEAD
   f8fed4b5..2c0caaed  main       -> origin/main
Updating f8fed4b5..2c0caaed
Fast-forward
 app/Controllers/B/News.php                                  |  2 +-
 app/Controllers/B/Project_Controller.php                    |  2 +-
 app/Views/B/pages/news/news_create.php                      |  2 +-
 app/Views/B/pages/project/project_create.php                | 11 ++++++-----
 writable/session/ci_session4ul7sahbmscnr1hg7mtlmcl7oo28eo5h |  1 +
 writable/session/ci_session6n4ehjtlrrmngs52oh17jt7v9t7ej1dv |  1 +
 6 files changed, 11 insertions(+), 8 deletions(-)
 create mode 100644 writable/session/ci_session4ul7sahbmscnr1hg7mtlmcl7oo28eo5h
 create mode 100644 writable/session/ci_session6n4ehjtlrrmngs52oh17jt7v9t7ej1dv

2025-02-17 05:47:04 - Webhook received
From github.com:nguyentuantrong075/superadmin
 * branch              main       -> FETCH_HEAD
   2c0caaed..fa2b0e1c  main       -> origin/main
Updating 2c0caaed..fa2b0e1c
Fast-forward
 .env                                                        | 2 +-
 app/Controllers/A/Project.php                               | 5 +++--
 app/Views/B/pages/project/project_create.php                | 2 +-
 writable/session/ci_session1m6trjh65rvpb41abk2jra5dn9n7oikm | 1 +
 writable/session/ci_session6n4ehjtlrrmngs52oh17jt7v9t7ej1dv | 2 +-
 writable/session/ci_sessionnsev00ekgo5fsa2deh1siefhi1crnobd | 1 +
 writable/session/ci_sessionvbfaf3j5n145boh6urv5e34o2kob0quu | 1 +
 7 files changed, 9 insertions(+), 5 deletions(-)
 create mode 100644 writable/session/ci_session1m6trjh65rvpb41abk2jra5dn9n7oikm
 create mode 100644 writable/session/ci_sessionnsev00ekgo5fsa2deh1siefhi1crnobd
 create mode 100644 writable/session/ci_sessionvbfaf3j5n145boh6urv5e34o2kob0quu

2025-02-17 05:53:27 - Webhook received
From github.com:nguyentuantrong075/superadmin
 * branch              main       -> FETCH_HEAD
   fa2b0e1c..faad1f9c  main       -> origin/main
Updating fa2b0e1c..faad1f9c
Fast-forward
 writable/session/ci_sessionrj68idq1mn2l0c78f2pva269gb6hpi7p | 1 +
 1 file changed, 1 insertion(+)
 create mode 100644 writable/session/ci_sessionrj68idq1mn2l0c78f2pva269gb6hpi7p

2025-02-17 06:28:36 - Webhook received
From github.com:nguyentuantrong075/superadmin
 * branch              main       -> FETCH_HEAD
   faad1f9c..d7d86672  main       -> origin/main
Updating faad1f9c..d7d86672
Fast-forward
 writable/session/ci_sessionjaeq76ovct54qq16g69q3t371ahvn8fd | 1 +
 writable/session/ci_sessionlkp0fojl7lb47eo826f7f9a08q08116g | 1 +
 writable/session/ci_sessionolnbd7e5pbd21d5ft60pdgrp0p2hs29t | 1 +
 writable/session/ci_sessionrj68idq1mn2l0c78f2pva269gb6hpi7p | 2 +-
 4 files changed, 4 insertions(+), 1 deletion(-)
 create mode 100644 writable/session/ci_sessionjaeq76ovct54qq16g69q3t371ahvn8fd
 create mode 100644 writable/session/ci_sessionlkp0fojl7lb47eo826f7f9a08q08116g
 create mode 100644 writable/session/ci_sessionolnbd7e5pbd21d5ft60pdgrp0p2hs29t

2025-02-17 08:29:05 - Webhook received
From github.com:nguyentuantrong075/superadmin
 * branch              main       -> FETCH_HEAD
   d7d86672..1eb297ed  main       -> origin/main
Updating d7d86672..1eb297ed
Fast-forward
 .gitignore                           | 1 +
 app/Views/B/pages/service/create.php | 1 +
 2 files changed, 2 insertions(+)

2025-02-17 08:32:07 - Webhook received
From github.com:nguyentuantrong075/superadmin
 * branch              main       -> FETCH_HEAD
   1eb297ed..23aee58d  main       -> origin/main
Updating 1eb297ed..23aee58d
Fast-forward
 .env | 2 +-
 1 file changed, 1 insertion(+), 1 deletion(-)

2025-02-17 09:32:13 - Webhook received
From github.com:nguyentuantrong075/superadmin
 * branch              main       -> FETCH_HEAD
   23aee58d..16ad1739  main       -> origin/main
Updating 23aee58d..16ad1739
Fast-forward
 .env                                                        | 2 +-
 .gitignore                                                  | 1 +
 app/Controllers/B/News.php                                  | 2 +-
 writable/session/ci_session8j8simab28sc5dcru0kn0ci8j0fot1nj | 1 +
 writable/session/ci_sessione18v2olsuaumb70l0loe7es8l0nrtj4i | 1 +
 5 files changed, 5 insertions(+), 2 deletions(-)
 create mode 100644 writable/session/ci_session8j8simab28sc5dcru0kn0ci8j0fot1nj
 create mode 100644 writable/session/ci_sessione18v2olsuaumb70l0loe7es8l0nrtj4i

2025-02-17 09:33:12 - Webhook received
From github.com:nguyentuantrong075/superadmin
 * branch              main       -> FETCH_HEAD
   16ad1739..8665a772  main       -> origin/main
Updating 16ad1739..8665a772
Fast-forward
 .env       | 2 +-
 .gitignore | 1 -
 2 files changed, 1 insertion(+), 2 deletions(-)

2025-02-17 09:44:20 - Webhook received
From github.com:nguyentuantrong075/superadmin
 * branch              main       -> FETCH_HEAD
   8665a772..30fc9a93  main       -> origin/main
Updating 8665a772..30fc9a93
Fast-forward
 .env                                                        | 2 +-
 .gitignore                                                  | 4 ++--
 app/Controllers/A/Project.php                               | 2 +-
 writable/session/ci_session8j8simab28sc5dcru0kn0ci8j0fot1nj | 2 +-
 writable/session/ci_sessionda0n7nv2titfliip34u14mphv893e76m | 1 +
 5 files changed, 6 insertions(+), 5 deletions(-)
 create mode 100644 writable/session/ci_sessionda0n7nv2titfliip34u14mphv893e76m

2025-02-17 09:47:25 - Webhook received
From github.com:nguyentuantrong075/superadmin
 * branch              main       -> FETCH_HEAD
   30fc9a93..b559b037  main       -> origin/main
Updating 30fc9a93..b559b037
Fast-forward
 app/Controllers/A/Project.php | 2 +-
 1 file changed, 1 insertion(+), 1 deletion(-)

2025-02-17 10:05:36 - Webhook received
From github.com:nguyentuantrong075/superadmin
 * branch              main       -> FETCH_HEAD
   b559b037..fa78e1a3  main       -> origin/main
Updating b559b037..fa78e1a3
Fast-forward
 .gitignore                                                  | 2 ++
 app/Controllers/A/Project.php                               | 2 +-
 writable/session/ci_session6kr2l0j183ac8lp397u6it95efg3q95k | 1 +
 writable/session/ci_sessionda0n7nv2titfliip34u14mphv893e76m | 2 +-
 writable/session/ci_sessionkk4ngr57spisuc5jubsd9ms7v6o0tpcn | 1 +
 writable/session/ci_sessiono7cceb3kgl6kcdubbim7lv1m8mhpmgff | 1 +
 writable/session/ci_sessionp50cnfbo07hgsojd757t7q5pmdbat4u7 | 1 +
 7 files changed, 8 insertions(+), 2 deletions(-)
 create mode 100644 writable/session/ci_session6kr2l0j183ac8lp397u6it95efg3q95k
 create mode 100644 writable/session/ci_sessionkk4ngr57spisuc5jubsd9ms7v6o0tpcn
 create mode 100644 writable/session/ci_sessiono7cceb3kgl6kcdubbim7lv1m8mhpmgff
 create mode 100644 writable/session/ci_sessionp50cnfbo07hgsojd757t7q5pmdbat4u7

2025-02-17 10:31:58 - Webhook received
From github.com:nguyentuantrong075/superadmin
 * branch              main       -> FETCH_HEAD
   fa78e1a3..b504c412  main       -> origin/main
Updating fa78e1a3..b504c412
Fast-forward
 app/Controllers/B/News.php                                  | 2 +-
 app/Views/B/pages/news/news_create.php                      | 4 ++--
 writable/session/ci_session6kr2l0j183ac8lp397u6it95efg3q95k | 2 +-
 writable/session/ci_sessionmssng3l4ra84slnfva2a2v67eghgv8vr | 1 +
 4 files changed, 5 insertions(+), 4 deletions(-)
 create mode 100644 writable/session/ci_sessionmssng3l4ra84slnfva2a2v67eghgv8vr

2025-02-22 23:02:09 - Webhook received
From github.com:nguyentuantrong075/superadmin
 * branch              main       -> FETCH_HEAD
   b504c412..933af0a7  main       -> origin/main
Updating b504c412..933af0a7
Fast-forward
 app/Config/Routes.php                              |  20 +-
 app/Controllers/.DS_Store                          | Bin 6148 -> 6148 bytes
 app/Controllers/B/Filemanager.php                  |  48 +-
 app/Controllers/B/News.php                         |  16 +-
 app/Controllers/F/.DS_Store                        | Bin 6148 -> 0 bytes
 app/Controllers/F/AboutController.php              |  84 --
 app/Controllers/F/Auth.php                         | 220 -----
 app/Controllers/F/ChatController.php               |  62 --
 app/Controllers/F/Contact.php                      |  72 --
 app/Controllers/F/CustomController.php             |  37 -
 app/Controllers/F/Home.php                         | 148 ----
 app/Controllers/F/Intro.php                        |  47 --
 app/Controllers/F/Language.php                     |  41 -
 app/Controllers/F/News.php                         | 113 ---
 app/Controllers/F/PartnerController.php            |  28 -
 app/Controllers/F/Product.php                      |  88 --
 app/Controllers/F/Project.php                      | 174 ----
 app/Controllers/F/ServiceController.php            |  31 -
 app/Controllers/F/Users.php                        | 177 ----
 app/Views/.DS_Store                                | Bin 6148 -> 6148 bytes
 app/Views/B/layouts/_sidebar.php                   |   2 +-
 app/Views/B/pages/files/pop_file.php               |   2 +-
 app/Views/B/pages/news/news_create.php             | 160 +++-
 app/Views/B/pages/news/news_edit.php               | 107 +--
 app/Views/F/.DS_Store                              | Bin 6148 -> 0 bytes
 app/Views/F/components/.DS_Store                   | Bin 6148 -> 0 bytes
 app/Views/F/components/home/hot_products.php       |  46 -
 app/Views/F/components/home/new_products.php       | 129 ---
 app/Views/F/components/home/news.php               |  79 --
 app/Views/F/components/home/slides_show.php        |  11 -
 app/Views/F/layouts/_footer.php                    | 139 ---
 app/Views/F/layouts/_head.php                      |  20 -
 app/Views/F/layouts/_header.php                    | 155 ----
 app/Views/F/layouts/_javascript.php                |  20 -
 app/Views/F/layouts/_khosach.php                   | 101 ---
 app/Views/F/layouts/_search.php                    |  30 -
 app/Views/F/layouts/_users.php                     |  43 -
 app/Views/F/layouts/header_cu.php                  | 361 --------
 app/Views/F/master.php                             | 113 ---
 app/Views/F/pages/.DS_Store                        | Bin 6148 -> 0 bytes
 app/Views/F/pages/about_detail.php                 | 125 ---
 app/Views/F/pages/about_us.php                     | 227 -----
 app/Views/F/pages/audiobooks.php                   | 141 ----
 app/Views/F/pages/audiobooks_items.php             | 227 -----
 app/Views/F/pages/audiobookshelf.php               | 520 ------------
 app/Views/F/pages/audiobookshelf_items.php         | 422 ----------
 app/Views/F/pages/auth/login.php                   | 110 ---
 app/Views/F/pages/auth/nap_coin.php                |  89 --
 app/Views/F/pages/auth/register.html               | 111 ---
 app/Views/F/pages/auth/register.php                | 137 ---
 app/Views/F/pages/auth/users.php                   | 138 ---
 app/Views/F/pages/chat_view.php                    | 155 ----
 app/Views/F/pages/contact.php                      | 257 ------
 app/Views/F/pages/ebooks.php                       | 298 -------
 app/Views/F/pages/ebooks_items.php                 | 205 -----
 app/Views/F/pages/export_import.php                | 262 ------
 app/Views/F/pages/foru.php                         | 356 --------
 app/Views/F/pages/home.php                         | 168 ----
 app/Views/F/pages/intro.php                        |  22 -
 app/Views/F/pages/json.php                         | 139 ---
 app/Views/F/pages/json_backup.php                  | 100 ---
 app/Views/F/pages/json_metadata.php                | 123 ---
 app/Views/F/pages/market_research.php              | 139 ---
 app/Views/F/pages/news.php                         |  58 --
 app/Views/F/pages/news_category.php                |   1 -
 app/Views/F/pages/news_category_detail.php         | 847 -------------------
 app/Views/F/pages/news_detail.php                  | 936 ---------------------
 app/Views/F/pages/product.php                      | 126 ---
 app/Views/F/pages/product_category.php             | 103 ---
 app/Views/F/pages/product_detail.php               | 148 ----
 app/Views/F/pages/project.php                      | 137 ---
 app/Views/F/pages/project_detail.php               |  57 --
 app/Views/F/pages/search.php                       | 219 -----
 app/Views/F/pages/service_detail.php               |   3 -
 app/Views/F/pages/service_list.php                 |   8 -
 app/Views/F/pages/shop.php                         |   0
 .../ci_session02b5qo41cfme21mvse3mlbtugjnhn33o     |   1 -
 .../ci_session07sgvf2kuf40t00dfgct3t87a0uhrl72     |   1 -
 .../ci_session08g92l0lf3klsi60qumcijvuheiasd7e     |   1 -
 .../ci_session0bej3ib4a2bqe08811l1saobrkrfhncb     |   1 -
 .../ci_session0hok98h8a42mgo0pr2je53n7qbp2el4m     |   1 -
 .../ci_session0q4j6p511qbvg65lbgm17c71fboins70     |   1 -
 .../ci_session18bcs3qv2dj5pc00og33pfm3g8qleehg     |   1 -
 .../ci_session18cucde65o0vh523b6e977lltmbo704u     |   1 -
 .../ci_session1m6trjh65rvpb41abk2jra5dn9n7oikm     |   1 -
 .../ci_session1obrofk7lpc7tvuqg78psioq179doele     |   1 -
 .../ci_session1ogq8r59luvg87jq308fu695coto70kd     |   1 -
 .../ci_session1pohvsmd7onnrdbv5lgtvpcbg6ao1qe0     |   1 -
 .../ci_session1pr3jl270r4qiev950cncurdffqm9jpa     |   1 -
 .../ci_session1qtg37ailmb1a8t58v6o0cjd8jocv88o     |   1 +
 .../ci_session1r9iq4fki6mc9qsib4ibe7ciuihdd9ke     |   1 -
 .../ci_session1ucl3381s4mclfthebn50ui02vbpil47     |   1 -
 .../ci_session21qnh41gbg2cr9avc8dhoffjhfjr6i5l     |   1 -
 .../ci_session222eda7n24nru02iqkj6a9g4d0sod3rr     |   1 -
 .../ci_session25ef2o73jjumhncks2bmo0vdrgu36ieg     |   1 -
 .../ci_session2ed9vosgv881ucfia4rqri43d7pdnt71     |   1 -
 .../ci_session2f47a5ktj1lh6sa48gr8rm4kauiln8cu     |   1 -
 .../ci_session2ir3vhbi1jqc6jjt3hmrc6rl537bmh2e     |   1 -
 .../ci_session2p7t60d2th1lrp9t5es26hhhk8s2e6sn     |   1 -
 .../ci_session2rh0dokpb6etjtrh5arjdq8hmt59q95u     |   1 -
 .../ci_session2ulenjlqeggcs2p5a4htfu6k4f5v06i0     |   1 -
 .../ci_session36jpig4dtuavkjnftvchbcgcbh6m26p8     |   1 -
 .../ci_session3aivbjah9p2r8mbv3jf1pj6gfajr3fu7     |   1 -
 .../ci_session3ebp52hril8c8ct9civi1mpcc043ka43     |   1 -
 .../ci_session3gnp332q8b18epp6rljkc2v8jv8upa7i     |   1 -
 .../ci_session3iqtvqs2k28b4pb44j5qmu434ol9okfl     |   1 -
 .../ci_session3kmtdsrrnmnjjtnm86tvds89mbul9opk     |   1 -
 .../ci_session3pvmq5iavgdijvk998ln4c5jvaru218h     |   1 -
 .../ci_session48hi51u3no7efok35tq4136uncn1nmao     |   1 -
 .../ci_session490g72r2ak9junaf4paj31b5i4u98ett     |   1 -
 .../ci_session4bomtpfguj4i3ef4kjsl9euojeufuldc     |   1 -
 .../ci_session4cjn46206lv8lhl83r2edfsv5l6gm7o1     |   1 -
 .../ci_session4iks3ctgkbld8nf47q0613cdkutc9rmn     |   1 -
 .../ci_session4jg2e8h01ba0vef82kcdn84t8q4su7m4     |   1 -
 .../ci_session4rj44gkt9b0cvqcetsapvgo7djeag21b     |   1 -
 .../ci_session4rvrbt3vc973bg3sc0pahibokr8pgq6e     |   1 -
 .../ci_session4ul7sahbmscnr1hg7mtlmcl7oo28eo5h     |   1 -
 .../ci_session4vgfnq50rf0mhoa7dakf5d2mrs8816ht     |   1 -
 .../ci_session52oslgf65elbunj63t9qg10sqjif2a7b     |   1 -
 .../ci_session58e6p0eavgd7nqo646s6vhpmfi6uueg3     |   1 +
 .../ci_session5e5s4v90gl1fh1p9542k963274vb0ntm     |   1 -
 .../ci_session5ejucg42vm7q15pusksv7cg8candkc0v     |   1 -
 .../ci_session5gsfkrn2g0heatm7a0r2pun8dqt1rrtr     |   1 -
 .../ci_session5hepm0io8ih76bfjetnpc2evgrb1mge6     |   1 -
 .../ci_session5n03nece80v45tgq3k901pngc6gss6vq     |   1 -
 .../ci_session5o761trploknd4qp3ei8e7u2j3mmj540     |   1 -
 .../ci_session5oaq6v30r80ag9n3av1mdutt3j3qmcbb     |   1 -
 .../ci_session5te4sfjtafd9eh2p8s2fl03b3q1t66u7     |   1 +
 .../ci_session5usppa4ibtobe2nkdo5vnp4v50nv4vft     |   1 -
 .../ci_session60n765bsjb06qkg18admhejgoioemmnb     |   1 -
 .../ci_session67uescsnaicggrdeovp9r3d0vfdsdr0n     |   1 -
 .../ci_session6kr2l0j183ac8lp397u6it95efg3q95k     |   1 -
 .../ci_session6n4ehjtlrrmngs52oh17jt7v9t7ej1dv     |   1 -
 .../ci_session6v4i6plmcbse4r2e13cm12h4bv4j42n2     |   1 -
 .../ci_session727fqmfa8pu8m91oo3m3nbcp1dopglo4     |   0
 .../ci_session72j3ea99dqi3uhc6bsf11i9d72s7tc24     |   1 -
 .../ci_session77vuitdadbfks6rf2hcf3tgnjlk2iggj     |   1 -
 .../ci_session7ekub9p9ge6ajr69s5atl35mcr9dkjs5     |   1 -
 .../ci_session7irik5ej3eojq26es6k37nv871e0rdi5     |   1 -
 .../ci_session7jfkjgo2mnnjltmpg4nbna2mm72v92ql     |   1 -
 .../ci_session7k58u5hsgq3f1m924fhmptang7c8ikps     |   1 -
 .../ci_session7pvkb1l6jujo00coe7v4n9v5k7nqis46     |   1 -
 .../ci_session876r3p8r51vfpeggoqen1p3fn54919r2     |   1 -
 .../ci_session89h2mdpvjtldabresq78r2e898l5auqu     |   1 -
 .../ci_session8i4icsu9jn0ogt5hh3fbboj0nibj4dkh     |   1 -
 .../ci_session8j8simab28sc5dcru0kn0ci8j0fot1nj     |   1 -
 .../ci_session8kp5ahfbahkt9i1bbbbjk3b5vvqenv9a     |   1 -
 .../ci_session8o2o5j30bi2vfre8bmrae6ofg5ubc99f     |   1 -
 .../ci_session8p33nbojsdeln3ofbr3618avo4avqejs     |   1 -
 .../ci_session8u7jieq8kk1pv9ijd2ki1q63kb3rrs62     |   1 -
 .../ci_session93lvk5hj5r8rfutqosaq1vrrph35buco     |   1 -
 .../ci_session999hk5191l9d8khvfj2g7b3frv63lp5q     |   1 -
 .../ci_session9aaebp7alto6qc1ed9n5ac5loqm75g00     |   1 -
 .../ci_session9b4bv0ha63716ac138gck70eduhoqbtk     |   1 -
 .../ci_session9ob5347q5dd50r4510cmmko2vpps1j4q     |   1 -
 .../ci_sessionad3u8i85inn0ttiuec3t9jqapbam1bvf     |   1 -
 .../ci_sessionb25ehep9237p6objtg1222tgo0k8bivm     |   1 -
 .../ci_sessionb2bfm2uh571i08jtm0hjh6pq7cu560pt     |   1 -
 .../ci_sessionbdiup87g6phl6trqqo7000k82m5lh1ui     |   1 +
 .../ci_sessionbjk7uadvr9gvvu2h05ancgev0t5hjke8     |   1 -
 .../ci_sessionbniuss5r6442hedc86uq7e0nb2jmushk     |   1 -
 .../ci_sessionbpcl0nt8bmv5ivupkk30oqe36kvbu5f3     |   1 -
 .../ci_sessionbpk8v9c38mja728qt21t37rj0lt507ip     |   1 -
 .../ci_sessionbrk64qgoenikpep7a2q1hur5j9pg90nf     |   1 -
 .../ci_sessionbvsoc7c0819hj80m6o1rdtl3326g8e8t     |   1 -
 .../ci_sessionc8hij59lu1r2k2m31ihvj6ep5iuc04mu     |   1 -
 .../ci_sessioncf3raivu6mbm573e9lenfrqefmoi8fla     |   1 -
 .../ci_sessiond23tjqkimevicqt78a490ej1d09evgie     |   1 -
 .../ci_sessiond46jkkg7dv7isgt8lvopoe0em7k59hsu     |   1 -
 .../ci_sessiond4jc7h92hk8naaue2l6vbvcjiuhdqlgo     |   1 -
 .../ci_sessiond7tkj91aov90sseb3oah9p4q5rd8tpfp     |   1 -
 .../ci_sessionda0n7nv2titfliip34u14mphv893e76m     |   1 -
 .../ci_sessiondc9ajom4vjlk3ehhkn2ntst7qud70noj     |   1 -
 .../ci_sessionddfmje7o9udkd9dlbaci8qrrpuane733     |   1 -
 .../ci_sessiondfjng6em3uoko9sgsc0nr2425vnek5ln     |   1 -
 .../ci_sessiondje48cqc6uak7atno2otkacv4at5uvae     |   1 -
 .../ci_sessiondjmdq6bslmvdk07jgg2e03qnsukp0cnv     |   1 +
 .../ci_sessiondqb3po1c0e4sv4irk156b76trcba21b9     |   1 -
 .../ci_sessiondtb6h1q6mv8udhng2eaa3cksq8j9rh6f     |   1 -
 .../ci_sessione18v2olsuaumb70l0loe7es8l0nrtj4i     |   1 -
 .../ci_sessione1s85ijp750fl604b8pq54up5rfa2ita     |   1 -
 .../ci_sessione4h91j1i9oc2a7bk0ph67191gt4kno92     |   1 -
 .../ci_sessione648b0al2ub1ukl7php0uh9t6jt9en6b     |   1 -
 .../ci_sessionecu0jfrjrf40ldsgq6o45661i9qhqrh3     |   1 -
 .../ci_sessionedmbthjv9p70ldu5rumln0k3cmniil1r     |   1 -
 .../ci_sessionemst7ec16rgjm8d1a7flu1ggdou4vbon     |   1 -
 .../ci_sessioneuhl93322d1gni6fa4e3ptqdm51k2330     |   1 -
 .../ci_sessionf9jv8pkil07p7lgq7u0pabmhh7lrcl3p     |   1 -
 .../ci_sessionfj9abaa15elh2g83tspj26p556lnq5en     |   1 -
 .../ci_sessionfsc8lkqpq8tbus5dh95tcr977b8mp1pd     |   1 -
 .../ci_sessionfseh2dkgfd2d3ce4p1nfpp73bnk27uep     |   1 -
 .../ci_sessionfv5er4fss4606ergs9mkeqlnkfer81n6     |   1 -
 .../ci_sessiong5520i8075t8ouevoe6e083pvpeind8t     |   1 -
 .../ci_sessiong9o52rqvvkoed1j3ji6u5dv1u52cmrrk     |   1 -
 .../ci_sessiongk1uvqctk19ltmquncg4hln1h2iu8lmf     |   1 -
 .../ci_sessiongmpqpn0616o0uv0tlmrifkfabff6guv9     |   1 -
 .../ci_sessiongsp48s6o3rj47kkn09ijj1tdouqv8v0j     |   1 -
 .../ci_sessiongvloru5odqpjpff3ecjoqc623oaj0pae     |   1 -
 .../ci_sessionh39plkpmss68f17b1q61j7290bm7cb2o     |   1 -
 .../ci_sessionhb39r34014io3gnesmlj123f5i1skhhj     |   1 -
 .../ci_sessionhh6m05bi8r7jujc0fh28tek2gjdaoatg     |   1 -
 .../ci_sessionhkvujvhjvl6gb47o3gqipfn64g3vpc0j     |   1 -
 .../ci_sessionhtom2h9uj4l0tv7ce0nnqvc82qoub9ln     |   1 -
 .../ci_sessioni4tdoutuou166bdgj7qdra1bir71g5ll     |   1 -
 .../ci_sessioni7dubqromp64u7jsck40g758u7ec6t2h     |   1 -
 .../ci_sessioni8a94a9dn2uvqh05c39ik5lk8afud900     |   1 -
 .../ci_sessioni9kaen5lfj575rhjaq1p8n3mb4q5shbm     |   1 -
 .../ci_sessionif28lhqpbft6pbehc9klp3icnf0k8ebd     |   1 -
 .../ci_sessionigce2soouurugdgsae53rqm5go6k46g4     |   1 -
 .../ci_sessionigcuvmhkokklbhtugcutqov9ur22mhf2     |   1 -
 .../ci_sessioniitv4ccqlba542isntiitakvubnmmeho     |   1 -
 .../ci_sessionisr4pp47frrttv0p3qf1p0vi8d6isbr6     |   1 -
 .../ci_sessionit1slp4j5m6bmc9051eojcikv37rijde     |   1 -
 .../ci_sessionj04rlrr6ki18h9cgv6coer435ls3m9h5     |   1 -
 .../ci_sessionj157qk1b5fdi6l1aiv1aos3544187gq3     |   1 -
 .../ci_sessionj45frpehbsf1aj01pushodbncl5p178e     |   1 -
 .../ci_sessionjaeq76ovct54qq16g69q3t371ahvn8fd     |   1 -
 .../ci_sessionjcj9jmq29vurc3td4g2680js0ujodkfp     |   1 -
 .../ci_sessionje4qccte0l2ml4a35798irl3rvpue9pc     |   1 -
 .../ci_sessionjh348bj0javcnameucddf5hp1tp8dfij     |   1 -
 .../ci_sessionjjg8sqk5vh9gfflq9f6srlgsmbpmr86u     |   1 -
 .../ci_sessionjlp3343snmuv0hcig0aro71vjrqf79i7     |   1 -
 .../ci_sessionjm95bk2kg0cha1meg9mujnh1289r7uuv     |   1 -
 .../ci_sessionjrbrgps0h2np14l4c1hkerb3b8n1j3ks     |   1 -
 .../ci_sessionk4h36su8rse2c9th59pbmpme5f72gkdd     |   1 -
 .../ci_sessionk81aej6d1oo2562gulhbhdacvggm5dq1     |   1 -
 .../ci_sessionkjhk3v6kcd4pthukk2d9tvoecn34qaud     |   1 -
 .../ci_sessionkk4ngr57spisuc5jubsd9ms7v6o0tpcn     |   1 -
 .../ci_sessionklieg4t2vf4ipavluukh5me10ld1pp2c     |   1 -
 .../ci_sessionko66o6lstqbct35fb11j7bg3ulbhi51g     |   1 -
 .../ci_sessionl4ehppiet7lr306ri17i27i6v410i7kl     |   1 -
 .../ci_sessionlg77hjc1vt9j7vcf2a4a7jvhi8mflqgp     |   1 -
 .../ci_sessionlh9481kq78a4knblaimlhcbcj6re9jd4     |   1 -
 .../ci_sessionli9o6a8up8j9k0t807qdjq01td95ojls     |   1 -
 .../ci_sessionlkp0fojl7lb47eo826f7f9a08q08116g     |   1 -
 .../ci_sessionloifon4l3auss2c02ro67e0s76u5jh97     |   1 -
 .../ci_sessionlvjplqeofss2nkqt7i3qasnfp3789n30     |   1 -
 .../ci_sessionm233jj8kt7ff7o3u89qtldkjsgftku2t     |   1 -
 .../ci_sessionm24i4egjo5hkn0ppav5ro4s52vf8r1p9     |   1 -
 .../ci_sessionmd97ifk55a7cj106ghigh00j8s21up0b     |   1 -
 .../ci_sessionmhtj3md0igf45udovb303mef3d1nve0s     |   1 -
 .../ci_sessionmocnd872hkub8m44r9pv7668moout0a9     |   1 -
 .../ci_sessionmsm3cib0eottms6k5tks3k943epl2u69     |   1 -
 .../ci_sessionmssng3l4ra84slnfva2a2v67eghgv8vr     |   1 -
 .../ci_sessionmu8rt2hd6prq5mmi3134o3hj24h82bm9     |   1 -
 .../ci_sessionmun8u2g8oq8i65imsesbg784dkr7ivoe     |   1 -
 .../ci_sessionn0uausmorepmcf16poaqg25439f8l8h0     |   1 -
 .../ci_sessionn1eckv7ikq4bgl3sarre6trbg4s0mri2     |   1 -
 .../ci_sessionn34ng1o33ee7qj577ppn9ejuukv7uhu9     |   1 -
 .../ci_sessionnbdr1r74fl06r4b6ue5tp02vr4a9hq5d     |   1 -
 .../ci_sessionndjinu6gf1eepi89066e36sa5vas6kfu     |   1 -
 .../ci_sessionniqe61nmsn6ur7m55fr5r5fov8bi2618     |   1 -
 .../ci_sessionnqtnr5k67pkusmtatmqdb9q06ccap9pm     |   1 -
 .../ci_sessionnsev00ekgo5fsa2deh1siefhi1crnobd     |   1 -
 .../ci_sessiono1ecba1rss6bcd3901ndkiv98btvso1r     |   1 -
 .../ci_sessiono7cceb3kgl6kcdubbim7lv1m8mhpmgff     |   1 -
 .../ci_sessionoh2bcsa3sqcp11r2mk7vh35mutu97qma     |   1 -
 .../ci_sessionoktmndckj63op770vpk1ht90s9a04pom     |   1 -
 .../ci_sessionolb2ue66ji6qmgi361ji1otb9hv35ns2     |   1 -
 .../ci_sessionolnbd7e5pbd21d5ft60pdgrp0p2hs29t     |   1 -
 .../ci_sessionoqaben06bk20716l5j96nnb6dkrsg4tf     |   1 -
 .../ci_sessionou3qad8tbib9601mu1rmpq79vpqpqlao     |   1 -
 .../ci_sessionp50cnfbo07hgsojd757t7q5pmdbat4u7     |   1 -
 .../ci_sessionpa4uc9a7k3soj9m706i8ldrr49u6dced     |   1 -
 .../ci_sessionpcvuldatqqhue61uh52dnvjjc0nku9k2     |   1 +
 .../ci_sessionpdtvmmf96eeuqhrddlb7gs5h433aj71a     |   1 -
 .../ci_sessionpevm9385p1nc5ldms76eri56i771ar5l     |   1 -
 .../ci_sessionpi8hi7i1qtmfmhb9lgtqhmcaionetbpe     |   1 -
 .../ci_sessionpm97sh71i93h85qc10bq16i0dk7keg3h     |   1 -
 .../ci_sessionpoh26ah9kuo812kk1ak6bko2rooqvef3     |   1 -
 .../ci_sessionpp1rmkqcdunss2hhi46vdekitf4due86     |   1 -
 .../ci_sessionq3evj08ggu8tkqtkpv02f0hv3btu109e     |   1 -
 .../ci_sessionqfr7j7nrc0lndte659t6ssc600i6af1i     |   1 -
 .../ci_sessionqg5ffa7ad9urspfpdfiispgr0r4fshi6     |   1 -
 .../ci_sessionqmcgomchsm0l1ht1igjbu6ov6u3vtjei     |   1 -
 .../ci_sessionqpq095f67kpvc6r534vu36h4vn3d5gfo     |   1 -
 .../ci_sessionr4pl9p2oo53hs47vr0028llku7g3lh3u     |   1 -
 .../ci_sessionr5ncbqins6ga8p51kmer6tbv00mkbb7i     |   1 -
 .../ci_sessionr6v7lcj61nidk5h3p71m95j0027kgk2p     |   1 -
 .../ci_sessionrgbr9g81pe7c78fcklbc5plkjgv6qvj9     |   1 -
 .../ci_sessionrhvd3lvfp19krpmbn45pr1pglsrgv5q2     |   1 -
 .../ci_sessionrj68idq1mn2l0c78f2pva269gb6hpi7p     |   1 -
 .../ci_sessionrpcu7jii64fidmc8gs51d354hq1rm8c2     |   1 -
 .../ci_sessionrsa92a92kb51h34jrbkbnjp75v14a09o     |   1 -
 .../ci_sessionrvhtui72cn0rtqodk6lgdco1n34knv19     |   1 +
 .../ci_sessionsju1etufq4clim5gokd9822pdhnhkn8p     |   1 -
 .../ci_sessionsk841ii0ia5h5t4139luvrb58l2tg39b     |   1 -
 .../ci_sessionsmdpu6kul0aalj1t1r6ltrb18alo63q8     |   1 -
 .../ci_sessionsmsiisk6rcku0ilq6ps6ci4jfeu3m4rm     |   1 -
 .../ci_sessionsv4vu2q0l6ih2a8riekmmfqo9gdt5qrb     |   1 -
 .../ci_sessionthn314hcmsl9oa010880sbsk8vbho7pp     |   1 -
 .../ci_sessiontjg136vphopeckljq30al5e6n6l5vltv     |   1 -
 .../ci_sessiontqtotrc21s3n5utaq9k786trho0ibj66     |   1 -
 .../ci_sessionu240f4a4svst6lpmukj5ieqkq4ucnhj9     |   1 -
 .../ci_sessionu2jkv2c7jkcl08g9qichetbqssuvcu47     |   1 -
 .../ci_sessionu82k0767qqd1qp6scjfob33pubbs3ig9     |   1 -
 .../ci_sessionu9eo34o1979e2olv0ik77n8qoi8vurij     |   1 -
 .../ci_sessionuc0emlcdkh3lhmvkmapcakesme7lf2rp     |   1 -
 .../ci_sessionud4qg9l5b6fr10cg9cbr5njbhv3gist4     |   1 -
 .../ci_sessionue6v51bmj79fjns6tu0b3g5ble4v7vp6     |   1 -
 .../ci_sessionug084mhe39d3tas4l7ln8mv24r8ev8ge     |   1 -
 .../ci_sessionui4t7q98qrn4vfpeeakipij3lomfiro0     |   1 -
 .../ci_sessionuotseli2cj6uoji2as937faicmnfmfp9     |   1 -
 .../ci_sessionuq81rpifu03soset31f4saht8r496r3d     |   1 -
 .../ci_sessionuuv1kb2apnotb30572ihp86pd15vt4rt     |   1 -
 .../ci_sessionv3olc61hvqlpkfbv51gtdhno01hp0uj7     |   1 -
 .../ci_sessionv4m7r9gc0rh0d1eq59d2vpfj5b6qamkk     |   1 -
 .../ci_sessionv94ffoooglpd4fdrkca22915oc2daog4     |   1 -
 .../ci_sessionvb6bfc65227b4d7sh29a9lrekld5kqs8     |   1 +
 .../ci_sessionvbfaf3j5n145boh6urv5e34o2kob0quu     |   1 -
 .../ci_sessionvcoldc6ghk1gv6rj2m7c81tffh2nj3mr     |   1 -
 .../ci_sessionvcqu5av0v4f3vj6qgb6n0m7ujgc6fmh7     |   1 -
 .../ci_sessionvv4bc2nu6l1nnio6mbfrlijjsbc9r0mu     |   1 -
 313 files changed, 177 insertions(+), 10097 deletions(-)
 delete mode 100644 app/Controllers/F/.DS_Store
 delete mode 100644 app/Controllers/F/AboutController.php
 delete mode 100644 app/Controllers/F/Auth.php
 delete mode 100644 app/Controllers/F/ChatController.php
 delete mode 100755 app/Controllers/F/Contact.php
 delete mode 100644 app/Controllers/F/CustomController.php
 delete mode 100755 app/Controllers/F/Home.php
 delete mode 100644 app/Controllers/F/Intro.php
 delete mode 100644 app/Controllers/F/Language.php
 delete mode 100644 app/Controllers/F/News.php
 delete mode 100644 app/Controllers/F/PartnerController.php
 delete mode 100755 app/Controllers/F/Product.php
 delete mode 100644 app/Controllers/F/Project.php
 delete mode 100644 app/Controllers/F/ServiceController.php
 delete mode 100644 app/Controllers/F/Users.php
 delete mode 100644 app/Views/F/.DS_Store
 delete mode 100644 app/Views/F/components/.DS_Store
 delete mode 100755 app/Views/F/components/home/hot_products.php
 delete mode 100755 app/Views/F/components/home/new_products.php
 delete mode 100755 app/Views/F/components/home/news.php
 delete mode 100755 app/Views/F/components/home/slides_show.php
 delete mode 100755 app/Views/F/layouts/_footer.php
 delete mode 100755 app/Views/F/layouts/_head.php
 delete mode 100755 app/Views/F/layouts/_header.php
 delete mode 100755 app/Views/F/layouts/_javascript.php
 delete mode 100644 app/Views/F/layouts/_khosach.php
 delete mode 100644 app/Views/F/layouts/_search.php
 delete mode 100644 app/Views/F/layouts/_users.php
 delete mode 100644 app/Views/F/layouts/header_cu.php
 delete mode 100755 app/Views/F/master.php
 delete mode 100644 app/Views/F/pages/.DS_Store
 delete mode 100644 app/Views/F/pages/about_detail.php
 delete mode 100644 app/Views/F/pages/about_us.php
 delete mode 100644 app/Views/F/pages/audiobooks.php
 delete mode 100644 app/Views/F/pages/audiobooks_items.php
 delete mode 100644 app/Views/F/pages/audiobookshelf.php
 delete mode 100644 app/Views/F/pages/audiobookshelf_items.php
 delete mode 100755 app/Views/F/pages/auth/login.php
 delete mode 100644 app/Views/F/pages/auth/nap_coin.php
 delete mode 100755 app/Views/F/pages/auth/register.html
 delete mode 100644 app/Views/F/pages/auth/register.php
 delete mode 100644 app/Views/F/pages/auth/users.php
 delete mode 100644 app/Views/F/pages/chat_view.php
 delete mode 100755 app/Views/F/pages/contact.php
 delete mode 100644 app/Views/F/pages/ebooks.php
 delete mode 100644 app/Views/F/pages/ebooks_items.php
 delete mode 100644 app/Views/F/pages/export_import.php
 delete mode 100644 app/Views/F/pages/foru.php
 delete mode 100755 app/Views/F/pages/home.php
 delete mode 100644 app/Views/F/pages/intro.php
 delete mode 100644 app/Views/F/pages/json.php
 delete mode 100644 app/Views/F/pages/json_backup.php
 delete mode 100644 app/Views/F/pages/json_metadata.php
 delete mode 100644 app/Views/F/pages/market_research.php
 delete mode 100644 app/Views/F/pages/news.php
 delete mode 100644 app/Views/F/pages/news_category.php
 delete mode 100644 app/Views/F/pages/news_category_detail.php
 delete mode 100644 app/Views/F/pages/news_detail.php
 delete mode 100755 app/Views/F/pages/product.php
 delete mode 100644 app/Views/F/pages/product_category.php
 delete mode 100755 app/Views/F/pages/product_detail.php
 delete mode 100644 app/Views/F/pages/project.php
 delete mode 100644 app/Views/F/pages/project_detail.php
 delete mode 100644 app/Views/F/pages/search.php
 delete mode 100644 app/Views/F/pages/service_detail.php
 delete mode 100644 app/Views/F/pages/service_list.php
 delete mode 100755 app/Views/F/pages/shop.php
 delete mode 100644 writable/session/ci_session02b5qo41cfme21mvse3mlbtugjnhn33o
 delete mode 100644 writable/session/ci_session07sgvf2kuf40t00dfgct3t87a0uhrl72
 delete mode 100644 writable/session/ci_session08g92l0lf3klsi60qumcijvuheiasd7e
 delete mode 100644 writable/session/ci_session0bej3ib4a2bqe08811l1saobrkrfhncb
 delete mode 100644 writable/session/ci_session0hok98h8a42mgo0pr2je53n7qbp2el4m
 delete mode 100644 writable/session/ci_session0q4j6p511qbvg65lbgm17c71fboins70
 delete mode 100644 writable/session/ci_session18bcs3qv2dj5pc00og33pfm3g8qleehg
 delete mode 100644 writable/session/ci_session18cucde65o0vh523b6e977lltmbo704u
 delete mode 100644 writable/session/ci_session1m6trjh65rvpb41abk2jra5dn9n7oikm
 delete mode 100644 writable/session/ci_session1obrofk7lpc7tvuqg78psioq179doele
 delete mode 100644 writable/session/ci_session1ogq8r59luvg87jq308fu695coto70kd
 delete mode 100644 writable/session/ci_session1pohvsmd7onnrdbv5lgtvpcbg6ao1qe0
 delete mode 100644 writable/session/ci_session1pr3jl270r4qiev950cncurdffqm9jpa
 create mode 100644 writable/session/ci_session1qtg37ailmb1a8t58v6o0cjd8jocv88o
 delete mode 100644 writable/session/ci_session1r9iq4fki6mc9qsib4ibe7ciuihdd9ke
 delete mode 100644 writable/session/ci_session1ucl3381s4mclfthebn50ui02vbpil47
 delete mode 100644 writable/session/ci_session21qnh41gbg2cr9avc8dhoffjhfjr6i5l
 delete mode 100644 writable/session/ci_session222eda7n24nru02iqkj6a9g4d0sod3rr
 delete mode 100644 writable/session/ci_session25ef2o73jjumhncks2bmo0vdrgu36ieg
 delete mode 100644 writable/session/ci_session2ed9vosgv881ucfia4rqri43d7pdnt71
 delete mode 100644 writable/session/ci_session2f47a5ktj1lh6sa48gr8rm4kauiln8cu
 delete mode 100644 writable/session/ci_session2ir3vhbi1jqc6jjt3hmrc6rl537bmh2e
 delete mode 100644 writable/session/ci_session2p7t60d2th1lrp9t5es26hhhk8s2e6sn
 delete mode 100644 writable/session/ci_session2rh0dokpb6etjtrh5arjdq8hmt59q95u
 delete mode 100644 writable/session/ci_session2ulenjlqeggcs2p5a4htfu6k4f5v06i0
 delete mode 100644 writable/session/ci_session36jpig4dtuavkjnftvchbcgcbh6m26p8
 delete mode 100644 writable/session/ci_session3aivbjah9p2r8mbv3jf1pj6gfajr3fu7
 delete mode 100644 writable/session/ci_session3ebp52hril8c8ct9civi1mpcc043ka43
 delete mode 100644 writable/session/ci_session3gnp332q8b18epp6rljkc2v8jv8upa7i
 delete mode 100644 writable/session/ci_session3iqtvqs2k28b4pb44j5qmu434ol9okfl
 delete mode 100644 writable/session/ci_session3kmtdsrrnmnjjtnm86tvds89mbul9opk
 delete mode 100644 writable/session/ci_session3pvmq5iavgdijvk998ln4c5jvaru218h
 delete mode 100644 writable/session/ci_session48hi51u3no7efok35tq4136uncn1nmao
 delete mode 100644 writable/session/ci_session490g72r2ak9junaf4paj31b5i4u98ett
 delete mode 100644 writable/session/ci_session4bomtpfguj4i3ef4kjsl9euojeufuldc
 delete mode 100644 writable/session/ci_session4cjn46206lv8lhl83r2edfsv5l6gm7o1
 delete mode 100644 writable/session/ci_session4iks3ctgkbld8nf47q0613cdkutc9rmn
 delete mode 100644 writable/session/ci_session4jg2e8h01ba0vef82kcdn84t8q4su7m4
 delete mode 100644 writable/session/ci_session4rj44gkt9b0cvqcetsapvgo7djeag21b
 delete mode 100644 writable/session/ci_session4rvrbt3vc973bg3sc0pahibokr8pgq6e
 delete mode 100644 writable/session/ci_session4ul7sahbmscnr1hg7mtlmcl7oo28eo5h
 delete mode 100644 writable/session/ci_session4vgfnq50rf0mhoa7dakf5d2mrs8816ht
 delete mode 100644 writable/session/ci_session52oslgf65elbunj63t9qg10sqjif2a7b
 create mode 100644 writable/session/ci_session58e6p0eavgd7nqo646s6vhpmfi6uueg3
 delete mode 100644 writable/session/ci_session5e5s4v90gl1fh1p9542k963274vb0ntm
 delete mode 100644 writable/session/ci_session5ejucg42vm7q15pusksv7cg8candkc0v
 delete mode 100644 writable/session/ci_session5gsfkrn2g0heatm7a0r2pun8dqt1rrtr
 delete mode 100644 writable/session/ci_session5hepm0io8ih76bfjetnpc2evgrb1mge6
 delete mode 100644 writable/session/ci_session5n03nece80v45tgq3k901pngc6gss6vq
 delete mode 100644 writable/session/ci_session5o761trploknd4qp3ei8e7u2j3mmj540
 delete mode 100644 writable/session/ci_session5oaq6v30r80ag9n3av1mdutt3j3qmcbb
 create mode 100644 writable/session/ci_session5te4sfjtafd9eh2p8s2fl03b3q1t66u7
 delete mode 100644 writable/session/ci_session5usppa4ibtobe2nkdo5vnp4v50nv4vft
 delete mode 100644 writable/session/ci_session60n765bsjb06qkg18admhejgoioemmnb
 delete mode 100644 writable/session/ci_session67uescsnaicggrdeovp9r3d0vfdsdr0n
 delete mode 100644 writable/session/ci_session6kr2l0j183ac8lp397u6it95efg3q95k
 delete mode 100644 writable/session/ci_session6n4ehjtlrrmngs52oh17jt7v9t7ej1dv
 delete mode 100644 writable/session/ci_session6v4i6plmcbse4r2e13cm12h4bv4j42n2
 delete mode 100644 writable/session/ci_session727fqmfa8pu8m91oo3m3nbcp1dopglo4
 delete mode 100644 writable/session/ci_session72j3ea99dqi3uhc6bsf11i9d72s7tc24
 delete mode 100644 writable/session/ci_session77vuitdadbfks6rf2hcf3tgnjlk2iggj
 delete mode 100644 writable/session/ci_session7ekub9p9ge6ajr69s5atl35mcr9dkjs5
 delete mode 100644 writable/session/ci_session7irik5ej3eojq26es6k37nv871e0rdi5
 delete mode 100644 writable/session/ci_session7jfkjgo2mnnjltmpg4nbna2mm72v92ql
 delete mode 100644 writable/session/ci_session7k58u5hsgq3f1m924fhmptang7c8ikps
 delete mode 100644 writable/session/ci_session7pvkb1l6jujo00coe7v4n9v5k7nqis46
 delete mode 100644 writable/session/ci_session876r3p8r51vfpeggoqen1p3fn54919r2
 delete mode 100644 writable/session/ci_session89h2mdpvjtldabresq78r2e898l5auqu
 delete mode 100644 writable/session/ci_session8i4icsu9jn0ogt5hh3fbboj0nibj4dkh
 delete mode 100644 writable/session/ci_session8j8simab28sc5dcru0kn0ci8j0fot1nj
 delete mode 100644 writable/session/ci_session8kp5ahfbahkt9i1bbbbjk3b5vvqenv9a
 delete mode 100644 writable/session/ci_session8o2o5j30bi2vfre8bmrae6ofg5ubc99f
 delete mode 100644 writable/session/ci_session8p33nbojsdeln3ofbr3618avo4avqejs
 delete mode 100644 writable/session/ci_session8u7jieq8kk1pv9ijd2ki1q63kb3rrs62
 delete mode 100644 writable/session/ci_session93lvk5hj5r8rfutqosaq1vrrph35buco
 delete mode 100644 writable/session/ci_session999hk5191l9d8khvfj2g7b3frv63lp5q
 delete mode 100644 writable/session/ci_session9aaebp7alto6qc1ed9n5ac5loqm75g00
 delete mode 100644 writable/session/ci_session9b4bv0ha63716ac138gck70eduhoqbtk
 delete mode 100644 writable/session/ci_session9ob5347q5dd50r4510cmmko2vpps1j4q
 delete mode 100644 writable/session/ci_sessionad3u8i85inn0ttiuec3t9jqapbam1bvf
 delete mode 100644 writable/session/ci_sessionb25ehep9237p6objtg1222tgo0k8bivm
 delete mode 100644 writable/session/ci_sessionb2bfm2uh571i08jtm0hjh6pq7cu560pt
 create mode 100644 writable/session/ci_sessionbdiup87g6phl6trqqo7000k82m5lh1ui
 delete mode 100644 writable/session/ci_sessionbjk7uadvr9gvvu2h05ancgev0t5hjke8
 delete mode 100644 writable/session/ci_sessionbniuss5r6442hedc86uq7e0nb2jmushk
 delete mode 100644 writable/session/ci_sessionbpcl0nt8bmv5ivupkk30oqe36kvbu5f3
 delete mode 100644 writable/session/ci_sessionbpk8v9c38mja728qt21t37rj0lt507ip
 delete mode 100644 writable/session/ci_sessionbrk64qgoenikpep7a2q1hur5j9pg90nf
 delete mode 100644 writable/session/ci_sessionbvsoc7c0819hj80m6o1rdtl3326g8e8t
 delete mode 100644 writable/session/ci_sessionc8hij59lu1r2k2m31ihvj6ep5iuc04mu
 delete mode 100644 writable/session/ci_sessioncf3raivu6mbm573e9lenfrqefmoi8fla
 delete mode 100644 writable/session/ci_sessiond23tjqkimevicqt78a490ej1d09evgie
 delete mode 100644 writable/session/ci_sessiond46jkkg7dv7isgt8lvopoe0em7k59hsu
 delete mode 100644 writable/session/ci_sessiond4jc7h92hk8naaue2l6vbvcjiuhdqlgo
 delete mode 100644 writable/session/ci_sessiond7tkj91aov90sseb3oah9p4q5rd8tpfp
 delete mode 100644 writable/session/ci_sessionda0n7nv2titfliip34u14mphv893e76m
 delete mode 100644 writable/session/ci_sessiondc9ajom4vjlk3ehhkn2ntst7qud70noj
 delete mode 100644 writable/session/ci_sessionddfmje7o9udkd9dlbaci8qrrpuane733
 delete mode 100644 writable/session/ci_sessiondfjng6em3uoko9sgsc0nr2425vnek5ln
 delete mode 100644 writable/session/ci_sessiondje48cqc6uak7atno2otkacv4at5uvae
 create mode 100644 writable/session/ci_sessiondjmdq6bslmvdk07jgg2e03qnsukp0cnv
 delete mode 100644 writable/session/ci_sessiondqb3po1c0e4sv4irk156b76trcba21b9
 delete mode 100644 writable/session/ci_sessiondtb6h1q6mv8udhng2eaa3cksq8j9rh6f
 delete mode 100644 writable/session/ci_sessione18v2olsuaumb70l0loe7es8l0nrtj4i
 delete mode 100644 writable/session/ci_sessione1s85ijp750fl604b8pq54up5rfa2ita
 delete mode 100644 writable/session/ci_sessione4h91j1i9oc2a7bk0ph67191gt4kno92
 delete mode 100644 writable/session/ci_sessione648b0al2ub1ukl7php0uh9t6jt9en6b
 delete mode 100644 writable/session/ci_sessionecu0jfrjrf40ldsgq6o45661i9qhqrh3
 delete mode 100644 writable/session/ci_sessionedmbthjv9p70ldu5rumln0k3cmniil1r
 delete mode 100644 writable/session/ci_sessionemst7ec16rgjm8d1a7flu1ggdou4vbon
 delete mode 100644 writable/session/ci_sessioneuhl93322d1gni6fa4e3ptqdm51k2330
 delete mode 100644 writable/session/ci_sessionf9jv8pkil07p7lgq7u0pabmhh7lrcl3p
 delete mode 100644 writable/session/ci_sessionfj9abaa15elh2g83tspj26p556lnq5en
 delete mode 100644 writable/session/ci_sessionfsc8lkqpq8tbus5dh95tcr977b8mp1pd
 delete mode 100644 writable/session/ci_sessionfseh2dkgfd2d3ce4p1nfpp73bnk27uep
 delete mode 100644 writable/session/ci_sessionfv5er4fss4606ergs9mkeqlnkfer81n6
 delete mode 100644 writable/session/ci_sessiong5520i8075t8ouevoe6e083pvpeind8t
 delete mode 100644 writable/session/ci_sessiong9o52rqvvkoed1j3ji6u5dv1u52cmrrk
 delete mode 100644 writable/session/ci_sessiongk1uvqctk19ltmquncg4hln1h2iu8lmf
 delete mode 100644 writable/session/ci_sessiongmpqpn0616o0uv0tlmrifkfabff6guv9
 delete mode 100644 writable/session/ci_sessiongsp48s6o3rj47kkn09ijj1tdouqv8v0j
 delete mode 100644 writable/session/ci_sessiongvloru5odqpjpff3ecjoqc623oaj0pae
 delete mode 100644 writable/session/ci_sessionh39plkpmss68f17b1q61j7290bm7cb2o
 delete mode 100644 writable/session/ci_sessionhb39r34014io3gnesmlj123f5i1skhhj
 delete mode 100644 writable/session/ci_sessionhh6m05bi8r7jujc0fh28tek2gjdaoatg
 delete mode 100644 writable/session/ci_sessionhkvujvhjvl6gb47o3gqipfn64g3vpc0j
 delete mode 100644 writable/session/ci_sessionhtom2h9uj4l0tv7ce0nnqvc82qoub9ln
 delete mode 100644 writable/session/ci_sessioni4tdoutuou166bdgj7qdra1bir71g5ll
 delete mode 100644 writable/session/ci_sessioni7dubqromp64u7jsck40g758u7ec6t2h
 delete mode 100644 writable/session/ci_sessioni8a94a9dn2uvqh05c39ik5lk8afud900
 delete mode 100644 writable/session/ci_sessioni9kaen5lfj575rhjaq1p8n3mb4q5shbm
 delete mode 100644 writable/session/ci_sessionif28lhqpbft6pbehc9klp3icnf0k8ebd
 delete mode 100644 writable/session/ci_sessionigce2soouurugdgsae53rqm5go6k46g4
 delete mode 100644 writable/session/ci_sessionigcuvmhkokklbhtugcutqov9ur22mhf2
 delete mode 100644 writable/session/ci_sessioniitv4ccqlba542isntiitakvubnmmeho
 delete mode 100644 writable/session/ci_sessionisr4pp47frrttv0p3qf1p0vi8d6isbr6
 delete mode 100644 writable/session/ci_sessionit1slp4j5m6bmc9051eojcikv37rijde
 delete mode 100644 writable/session/ci_sessionj04rlrr6ki18h9cgv6coer435ls3m9h5
 delete mode 100644 writable/session/ci_sessionj157qk1b5fdi6l1aiv1aos3544187gq3
 delete mode 100644 writable/session/ci_sessionj45frpehbsf1aj01pushodbncl5p178e
 delete mode 100644 writable/session/ci_sessionjaeq76ovct54qq16g69q3t371ahvn8fd
 delete mode 100644 writable/session/ci_sessionjcj9jmq29vurc3td4g2680js0ujodkfp
 delete mode 100644 writable/session/ci_sessionje4qccte0l2ml4a35798irl3rvpue9pc
 delete mode 100644 writable/session/ci_sessionjh348bj0javcnameucddf5hp1tp8dfij
 delete mode 100644 writable/session/ci_sessionjjg8sqk5vh9gfflq9f6srlgsmbpmr86u
 delete mode 100644 writable/session/ci_sessionjlp3343snmuv0hcig0aro71vjrqf79i7
 delete mode 100644 writable/session/ci_sessionjm95bk2kg0cha1meg9mujnh1289r7uuv
 delete mode 100644 writable/session/ci_sessionjrbrgps0h2np14l4c1hkerb3b8n1j3ks
 delete mode 100644 writable/session/ci_sessionk4h36su8rse2c9th59pbmpme5f72gkdd
 delete mode 100644 writable/session/ci_sessionk81aej6d1oo2562gulhbhdacvggm5dq1
 delete mode 100644 writable/session/ci_sessionkjhk3v6kcd4pthukk2d9tvoecn34qaud
 delete mode 100644 writable/session/ci_sessionkk4ngr57spisuc5jubsd9ms7v6o0tpcn
 delete mode 100644 writable/session/ci_sessionklieg4t2vf4ipavluukh5me10ld1pp2c
 delete mode 100644 writable/session/ci_sessionko66o6lstqbct35fb11j7bg3ulbhi51g
 delete mode 100644 writable/session/ci_sessionl4ehppiet7lr306ri17i27i6v410i7kl
 delete mode 100644 writable/session/ci_sessionlg77hjc1vt9j7vcf2a4a7jvhi8mflqgp
 delete mode 100644 writable/session/ci_sessionlh9481kq78a4knblaimlhcbcj6re9jd4
 delete mode 100644 writable/session/ci_sessionli9o6a8up8j9k0t807qdjq01td95ojls
 delete mode 100644 writable/session/ci_sessionlkp0fojl7lb47eo826f7f9a08q08116g
 delete mode 100644 writable/session/ci_sessionloifon4l3auss2c02ro67e0s76u5jh97
 delete mode 100644 writable/session/ci_sessionlvjplqeofss2nkqt7i3qasnfp3789n30
 delete mode 100644 writable/session/ci_sessionm233jj8kt7ff7o3u89qtldkjsgftku2t
 delete mode 100644 writable/session/ci_sessionm24i4egjo5hkn0ppav5ro4s52vf8r1p9
 delete mode 100644 writable/session/ci_sessionmd97ifk55a7cj106ghigh00j8s21up0b
 delete mode 100644 writable/session/ci_sessionmhtj3md0igf45udovb303mef3d1nve0s
 delete mode 100644 writable/session/ci_sessionmocnd872hkub8m44r9pv7668moout0a9
 delete mode 100644 writable/session/ci_sessionmsm3cib0eottms6k5tks3k943epl2u69
 delete mode 100644 writable/session/ci_sessionmssng3l4ra84slnfva2a2v67eghgv8vr
 delete mode 100644 writable/session/ci_sessionmu8rt2hd6prq5mmi3134o3hj24h82bm9
 delete mode 100644 writable/session/ci_sessionmun8u2g8oq8i65imsesbg784dkr7ivoe
 delete mode 100644 writable/session/ci_sessionn0uausmorepmcf16poaqg25439f8l8h0
 delete mode 100644 writable/session/ci_sessionn1eckv7ikq4bgl3sarre6trbg4s0mri2
 delete mode 100644 writable/session/ci_sessionn34ng1o33ee7qj577ppn9ejuukv7uhu9
 delete mode 100644 writable/session/ci_sessionnbdr1r74fl06r4b6ue5tp02vr4a9hq5d
 delete mode 100644 writable/session/ci_sessionndjinu6gf1eepi89066e36sa5vas6kfu
 delete mode 100644 writable/session/ci_sessionniqe61nmsn6ur7m55fr5r5fov8bi2618
 delete mode 100644 writable/session/ci_sessionnqtnr5k67pkusmtatmqdb9q06ccap9pm
 delete mode 100644 writable/session/ci_sessionnsev00ekgo5fsa2deh1siefhi1crnobd
 delete mode 100644 writable/session/ci_sessiono1ecba1rss6bcd3901ndkiv98btvso1r
 delete mode 100644 writable/session/ci_sessiono7cceb3kgl6kcdubbim7lv1m8mhpmgff
 delete mode 100644 writable/session/ci_sessionoh2bcsa3sqcp11r2mk7vh35mutu97qma
 delete mode 100644 writable/session/ci_sessionoktmndckj63op770vpk1ht90s9a04pom
 delete mode 100644 writable/session/ci_sessionolb2ue66ji6qmgi361ji1otb9hv35ns2
 delete mode 100644 writable/session/ci_sessionolnbd7e5pbd21d5ft60pdgrp0p2hs29t
 delete mode 100644 writable/session/ci_sessionoqaben06bk20716l5j96nnb6dkrsg4tf
 delete mode 100644 writable/session/ci_sessionou3qad8tbib9601mu1rmpq79vpqpqlao
 delete mode 100644 writable/session/ci_sessionp50cnfbo07hgsojd757t7q5pmdbat4u7
 delete mode 100644 writable/session/ci_sessionpa4uc9a7k3soj9m706i8ldrr49u6dced
 create mode 100644 writable/session/ci_sessionpcvuldatqqhue61uh52dnvjjc0nku9k2
 delete mode 100644 writable/session/ci_sessionpdtvmmf96eeuqhrddlb7gs5h433aj71a
 delete mode 100644 writable/session/ci_sessionpevm9385p1nc5ldms76eri56i771ar5l
 delete mode 100644 writable/session/ci_sessionpi8hi7i1qtmfmhb9lgtqhmcaionetbpe
 delete mode 100644 writable/session/ci_sessionpm97sh71i93h85qc10bq16i0dk7keg3h
 delete mode 100644 writable/session/ci_sessionpoh26ah9kuo812kk1ak6bko2rooqvef3
 delete mode 100644 writable/session/ci_sessionpp1rmkqcdunss2hhi46vdekitf4due86
 delete mode 100644 writable/session/ci_sessionq3evj08ggu8tkqtkpv02f0hv3btu109e
 delete mode 100644 writable/session/ci_sessionqfr7j7nrc0lndte659t6ssc600i6af1i
 delete mode 100644 writable/session/ci_sessionqg5ffa7ad9urspfpdfiispgr0r4fshi6
 delete mode 100644 writable/session/ci_sessionqmcgomchsm0l1ht1igjbu6ov6u3vtjei
 delete mode 100644 writable/session/ci_sessionqpq095f67kpvc6r534vu36h4vn3d5gfo
 delete mode 100644 writable/session/ci_sessionr4pl9p2oo53hs47vr0028llku7g3lh3u
 delete mode 100644 writable/session/ci_sessionr5ncbqins6ga8p51kmer6tbv00mkbb7i
 delete mode 100644 writable/session/ci_sessionr6v7lcj61nidk5h3p71m95j0027kgk2p
 delete mode 100644 writable/session/ci_sessionrgbr9g81pe7c78fcklbc5plkjgv6qvj9
 delete mode 100644 writable/session/ci_sessionrhvd3lvfp19krpmbn45pr1pglsrgv5q2
 delete mode 100644 writable/session/ci_sessionrj68idq1mn2l0c78f2pva269gb6hpi7p
 delete mode 100644 writable/session/ci_sessionrpcu7jii64fidmc8gs51d354hq1rm8c2
 delete mode 100644 writable/session/ci_sessionrsa92a92kb51h34jrbkbnjp75v14a09o
 create mode 100644 writable/session/ci_sessionrvhtui72cn0rtqodk6lgdco1n34knv19
 delete mode 100644 writable/session/ci_sessionsju1etufq4clim5gokd9822pdhnhkn8p
 delete mode 100644 writable/session/ci_sessionsk841ii0ia5h5t4139luvrb58l2tg39b
 delete mode 100644 writable/session/ci_sessionsmdpu6kul0aalj1t1r6ltrb18alo63q8
 delete mode 100644 writable/session/ci_sessionsmsiisk6rcku0ilq6ps6ci4jfeu3m4rm
 delete mode 100644 writable/session/ci_sessionsv4vu2q0l6ih2a8riekmmfqo9gdt5qrb
 delete mode 100644 writable/session/ci_sessionthn314hcmsl9oa010880sbsk8vbho7pp
 delete mode 100644 writable/session/ci_sessiontjg136vphopeckljq30al5e6n6l5vltv
 delete mode 100644 writable/session/ci_sessiontqtotrc21s3n5utaq9k786trho0ibj66
 delete mode 100644 writable/session/ci_sessionu240f4a4svst6lpmukj5ieqkq4ucnhj9
 delete mode 100644 writable/session/ci_sessionu2jkv2c7jkcl08g9qichetbqssuvcu47
 delete mode 100644 writable/session/ci_sessionu82k0767qqd1qp6scjfob33pubbs3ig9
 delete mode 100644 writable/session/ci_sessionu9eo34o1979e2olv0ik77n8qoi8vurij
 delete mode 100644 writable/session/ci_sessionuc0emlcdkh3lhmvkmapcakesme7lf2rp
 delete mode 100644 writable/session/ci_sessionud4qg9l5b6fr10cg9cbr5njbhv3gist4
 delete mode 100644 writable/session/ci_sessionue6v51bmj79fjns6tu0b3g5ble4v7vp6
 delete mode 100644 writable/session/ci_sessionug084mhe39d3tas4l7ln8mv24r8ev8ge
 delete mode 100644 writable/session/ci_sessionui4t7q98qrn4vfpeeakipij3lomfiro0
 delete mode 100644 writable/session/ci_sessionuotseli2cj6uoji2as937faicmnfmfp9
 delete mode 100644 writable/session/ci_sessionuq81rpifu03soset31f4saht8r496r3d
 delete mode 100644 writable/session/ci_sessionuuv1kb2apnotb30572ihp86pd15vt4rt
 delete mode 100644 writable/session/ci_sessionv3olc61hvqlpkfbv51gtdhno01hp0uj7
 delete mode 100644 writable/session/ci_sessionv4m7r9gc0rh0d1eq59d2vpfj5b6qamkk
 delete mode 100644 writable/session/ci_sessionv94ffoooglpd4fdrkca22915oc2daog4
 create mode 100644 writable/session/ci_sessionvb6bfc65227b4d7sh29a9lrekld5kqs8
 delete mode 100644 writable/session/ci_sessionvbfaf3j5n145boh6urv5e34o2kob0quu
 delete mode 100644 writable/session/ci_sessionvcoldc6ghk1gv6rj2m7c81tffh2nj3mr
 delete mode 100644 writable/session/ci_sessionvcqu5av0v4f3vj6qgb6n0m7ujgc6fmh7
 delete mode 100644 writable/session/ci_sessionvv4bc2nu6l1nnio6mbfrlijjsbc9r0mu

2025-02-23 00:55:09 - Webhook received
From github.com:nguyentuantrong075/superadmin
 * branch              main       -> FETCH_HEAD
   933af0a7..b7b7db9b  main       -> origin/main
Updating 933af0a7..b7b7db9b
Fast-forward
 app/Controllers/B/News.php                           | 20 +++++++++++++++-----
 app/Views/B/pages/files/pop_file.php                 |  6 +++---
 app/Views/B/pages/news/news_create.php               | 13 +++++++++----
 app/Views/B/pages/news/news_edit.php                 |  8 ++++----
 ...g3 => ci_session23qrnrf1i8nn3ccf870fjqmdkeom42j9} |  2 +-
 ...ui => ci_session3cdfj4831u5av2d9jkat8vqphtgg93bh} |  2 +-
 .../ci_session5te4sfjtafd9eh2p8s2fl03b3q1t66u7       |  2 +-
 ...k2 => ci_session8jlts09ig7k2s6cm7un15vdmlbqj5jpr} |  2 +-
 ...s8 => ci_sessiona1em9rip3c55c22n0un7ck0ggj3dhktt} |  2 +-
 .../ci_sessionfjk2env2jvv7um7lhop4pr0s4o54a50h       |  1 +
 .../ci_sessionivdqjf8h3ppq5vn2d0e38rjgri7eb02g       |  1 +
 .../ci_sessionjgt5q1pf8e6e3fnk7j0edtj09ti5rdam       |  1 +
 .../ci_sessionn22vr6iktf7vtomalq1plvs2giq9oba6       |  1 +
 .../ci_sessionqq72hkmutccrvhf3jfjg1613cgp11rkk       |  1 +
 .../ci_sessions61d8t7au3ah99k7sfdc5ona797d466e       |  1 +
 .../ci_sessionst4lu76e80lj4ghjaf2isi6226167fpn       |  1 +
 16 files changed, 43 insertions(+), 21 deletions(-)
 rename writable/session/{ci_session58e6p0eavgd7nqo646s6vhpmfi6uueg3 => ci_session23qrnrf1i8nn3ccf870fjqmdkeom42j9} (98%)
 rename writable/session/{ci_sessionbdiup87g6phl6trqqo7000k82m5lh1ui => ci_session3cdfj4831u5av2d9jkat8vqphtgg93bh} (98%)
 rename writable/session/{ci_sessionpcvuldatqqhue61uh52dnvjjc0nku9k2 => ci_session8jlts09ig7k2s6cm7un15vdmlbqj5jpr} (98%)
 rename writable/session/{ci_sessionvb6bfc65227b4d7sh29a9lrekld5kqs8 => ci_sessiona1em9rip3c55c22n0un7ck0ggj3dhktt} (97%)
 create mode 100644 writable/session/ci_sessionfjk2env2jvv7um7lhop4pr0s4o54a50h
 create mode 100644 writable/session/ci_sessionivdqjf8h3ppq5vn2d0e38rjgri7eb02g
 create mode 100644 writable/session/ci_sessionjgt5q1pf8e6e3fnk7j0edtj09ti5rdam
 create mode 100644 writable/session/ci_sessionn22vr6iktf7vtomalq1plvs2giq9oba6
 create mode 100644 writable/session/ci_sessionqq72hkmutccrvhf3jfjg1613cgp11rkk
 create mode 100644 writable/session/ci_sessions61d8t7au3ah99k7sfdc5ona797d466e
 create mode 100644 writable/session/ci_sessionst4lu76e80lj4ghjaf2isi6226167fpn

2025-02-23 08:22:12 - Webhook received
From github.com:nguyentuantrong075/superadmin
 * branch              main       -> FETCH_HEAD
   b7b7db9b..0d7eaafb  main       -> origin/main
Updating b7b7db9b..0d7eaafb
Fast-forward
 app/Controllers/B/Slideshow.php                  | 165 ++++++++++-------------
 app/Models/Slideshow_Model.php                   |  45 ++-----
 app/Views/B/pages/slideshow/slideshow_create.php |  17 ++-
 3 files changed, 92 insertions(+), 135 deletions(-)

2025-02-23 21:23:49 - Webhook received
From github.com:nguyentuantrong075/superadmin
 * branch              main       -> FETCH_HEAD
   0d7eaafb..31ce9d07  main       -> origin/main
Updating 0d7eaafb..31ce9d07
Fast-forward
 app/Controllers/B/Filemanager.php                  |  99 ++++++++++-----------
 app/Views/B/pages/files/file_manager.php           |  34 +++----
 app/Views/B/pages/files/pop_file.php               |   2 +-
 public/uploads/.DS_Store                           | Bin 6148 -> 6148 bytes
 .../ci_session1ng1tlu57aqmih5giea8v0u45j63ttnu     |   1 +
 .../ci_session375sdm7bnbpdovklg1h5ftch4b34v8fh     |   1 +
 .../ci_session4bgvq2ejjbq3ul3qeo97oe4f4tl4f2dv     |   1 +
 .../ci_sessiong8jl2ej0oc2krrg9t648phj3revgs9n0     |   1 +
 .../ci_sessionhdqa0oa03t64p4shpq2sbq8mrt0attcp     |   1 +
 .../ci_sessionq8rjgm4gm6puv31knnvntgbqg2anf1fu     |   1 +
 .../ci_sessionqqcss4scuusv6n87jsqcurc5oghmus7h     |   1 +
 .../ci_sessionue2mndfpnkus2mtjpvm38q9db3ku9cll     |   1 +
 12 files changed, 74 insertions(+), 69 deletions(-)
 create mode 100644 writable/session/ci_session1ng1tlu57aqmih5giea8v0u45j63ttnu
 create mode 100644 writable/session/ci_session375sdm7bnbpdovklg1h5ftch4b34v8fh
 create mode 100644 writable/session/ci_session4bgvq2ejjbq3ul3qeo97oe4f4tl4f2dv
 create mode 100644 writable/session/ci_sessiong8jl2ej0oc2krrg9t648phj3revgs9n0
 create mode 100644 writable/session/ci_sessionhdqa0oa03t64p4shpq2sbq8mrt0attcp
 create mode 100644 writable/session/ci_sessionq8rjgm4gm6puv31knnvntgbqg2anf1fu
 create mode 100644 writable/session/ci_sessionqqcss4scuusv6n87jsqcurc5oghmus7h
 create mode 100644 writable/session/ci_sessionue2mndfpnkus2mtjpvm38q9db3ku9cll

2025-02-23 21:38:36 - Webhook received
From github.com:nguyentuantrong075/superadmin
 * branch              main       -> FETCH_HEAD
   31ce9d07..ce9eefe3  main       -> origin/main
Updating 31ce9d07..ce9eefe3
Fast-forward
 app/Controllers/B/Filemanager.php                  | 23 +++++-
 app/Views/B/pages/files/file_manager.php           | 94 +++++++++++++++++-----
 .../ci_sessionfokhmhpvoe5h2v0isr8gpjsohkkas8hd     |  1 +
 .../ci_sessiong8jl2ej0oc2krrg9t648phj3revgs9n0     |  2 +-
 .../ci_sessionk2ikmr7ela77jsj6mi5m574848e869m1     |  1 +
 5 files changed, 99 insertions(+), 22 deletions(-)
 create mode 100644 writable/session/ci_sessionfokhmhpvoe5h2v0isr8gpjsohkkas8hd
 create mode 100644 writable/session/ci_sessionk2ikmr7ela77jsj6mi5m574848e869m1

2025-02-23 21:53:37 - Webhook received
From github.com:nguyentuantrong075/superadmin
 * branch              main       -> FETCH_HEAD
   ce9eefe3..65eba856  main       -> origin/main
Updating ce9eefe3..65eba856
Fast-forward
 app/Controllers/A/Slider.php                                | 2 +-
 writable/session/ci_session4uk3f6oo87l5neo7lmdoc4er6bnmtphr | 1 +
 2 files changed, 2 insertions(+), 1 deletion(-)
 create mode 100644 writable/session/ci_session4uk3f6oo87l5neo7lmdoc4er6bnmtphr

2025-02-23 22:25:49 - Webhook received
From github.com:nguyentuantrong075/superadmin
 * branch              main       -> FETCH_HEAD
   65eba856..8bb98bdb  main       -> origin/main
Updating 65eba856..8bb98bdb
Fast-forward
 app/Models/Landing_Model.php                       |  1 +
 app/Views/B/pages/landing/create.php               | 32 ++++++++++++++++++++++
 .../ci_session5a65ueiqs5vrr9u08tc2gsa51vtedggm     |  1 +
 .../ci_sessionc15m22ougbsnac3lv5q1k0bnlkchlpqi     |  1 +
 .../ci_sessions0b97ekme0h69se0r9eu6s9utcu3jk7a     |  1 +
 5 files changed, 36 insertions(+)
 create mode 100644 writable/session/ci_session5a65ueiqs5vrr9u08tc2gsa51vtedggm
 create mode 100644 writable/session/ci_sessionc15m22ougbsnac3lv5q1k0bnlkchlpqi
 create mode 100644 writable/session/ci_sessions0b97ekme0h69se0r9eu6s9utcu3jk7a

2025-02-23 23:01:19 - Webhook received
From github.com:nguyentuantrong075/superadmin
 * branch              main       -> FETCH_HEAD
   8bb98bdb..b6c0006b  main       -> origin/main
Updating 8bb98bdb..b6c0006b
Fast-forward
 app/Config/Routes.php                              |  4 ++
 app/Controllers/A/Landing.php                      | 58 ++++++++++++++++++++++
 app/Controllers/B/LandingController.php            | 14 +++++-
 app/Models/Landing_Model.php                       |  1 +
 .../ci_session4uk3f6oo87l5neo7lmdoc4er6bnmtphr     |  2 +-
 .../ci_sessionde6335rutcapil26itv438ok4987hrmd     |  1 +
 .../ci_sessione830lfnq4b4ob7h899o1q70a4f32299v     |  1 +
 .../ci_sessionivkalv83r0c43e4tdcn3tfd4bju42ggp     |  1 +
 .../ci_sessionp3o53i1c6tpqv91abp142m6f3uanrasf     |  1 +
 .../ci_sessions0b97ekme0h69se0r9eu6s9utcu3jk7a     |  2 +-
 .../ci_sessionsr74kbesqhq335hh151jutie7gtg32ec     |  1 +
 11 files changed, 82 insertions(+), 4 deletions(-)
 create mode 100644 app/Controllers/A/Landing.php
 create mode 100644 writable/session/ci_sessionde6335rutcapil26itv438ok4987hrmd
 create mode 100644 writable/session/ci_sessione830lfnq4b4ob7h899o1q70a4f32299v
 create mode 100644 writable/session/ci_sessionivkalv83r0c43e4tdcn3tfd4bju42ggp
 create mode 100644 writable/session/ci_sessionp3o53i1c6tpqv91abp142m6f3uanrasf
 create mode 100644 writable/session/ci_sessionsr74kbesqhq335hh151jutie7gtg32ec

2025-02-24 22:43:24 - Webhook received
From github.com:nguyentuantrong075/superadmin
 * branch              main       -> FETCH_HEAD
   b6c0006b..e551e9bb  main       -> origin/main
Updating b6c0006b..e551e9bb
Fast-forward
 app/Config/Routes.php                              |   8 -
 app/Controllers/A/Customer.php                     |  62 ++++++
 app/Controllers/B/Config.php                       |  58 ++---
 app/Models/Config_Model.php                        |   2 +-
 app/Views/B/layouts/_sidebar.php                   |  86 +-------
 app/Views/B/pages/config/config_contact.php        |  52 +++++
 app/Views/B/pages/config/config_social.php         |  98 ---------
 app/Views/B/pages/project/project_list.php         | 241 ++++++++++++++++++++-
 .../ci_session0d93ru2lrkq08caepsnkgfdcm3i8emm9     |   1 +
 .../ci_session0p36cl7g60s9io3ds8uriek7f3vg5jkg     |   1 +
 .../ci_session5fis65dh06b0e0u2a55mg4ecq8k30iim     |   1 +
 .../ci_sessione7nbjd4hs4o16cp84g26ufp3qtlasgl7     |   1 +
 .../ci_sessionegtsanqt504et20c9ul8u6o4rrarob0o     |   1 +
 .../ci_sessionf6548ebaihshndcuii7c5fa5p9g4qab3     |   1 +
 .../ci_sessiongtvlt7h9huatrocu614arkk3iskpgus1     |   1 +
 .../ci_sessionir1cv8bc0a04vba7lpcpr6fssm7vd91h     |   1 +
 .../ci_sessionmhrn1uieeakg9dbskeh6bp8drr4g57t4     |   1 +
 .../ci_sessionnhfmtvl7j22utbm8le8n32m0bflau7u8     |   1 +
 .../ci_sessionrscp7g1uqr9djd2fmv1ves63ib26q2fp     |   1 +
 .../ci_sessions2a9obhpf2eabogrk6bqfmeeercjfauo     |   1 +
 .../ci_sessionv8g306h4cg12fs5kahoercqpvj52cfl4     |   1 +
 21 files changed, 382 insertions(+), 238 deletions(-)
 create mode 100644 app/Controllers/A/Customer.php
 delete mode 100644 app/Views/B/pages/config/config_social.php
 create mode 100644 writable/session/ci_session0d93ru2lrkq08caepsnkgfdcm3i8emm9
 create mode 100644 writable/session/ci_session0p36cl7g60s9io3ds8uriek7f3vg5jkg
 create mode 100644 writable/session/ci_session5fis65dh06b0e0u2a55mg4ecq8k30iim
 create mode 100644 writable/session/ci_sessione7nbjd4hs4o16cp84g26ufp3qtlasgl7
 create mode 100644 writable/session/ci_sessionegtsanqt504et20c9ul8u6o4rrarob0o
 create mode 100644 writable/session/ci_sessionf6548ebaihshndcuii7c5fa5p9g4qab3
 create mode 100644 writable/session/ci_sessiongtvlt7h9huatrocu614arkk3iskpgus1
 create mode 100644 writable/session/ci_sessionir1cv8bc0a04vba7lpcpr6fssm7vd91h
 create mode 100644 writable/session/ci_sessionmhrn1uieeakg9dbskeh6bp8drr4g57t4
 create mode 100644 writable/session/ci_sessionnhfmtvl7j22utbm8le8n32m0bflau7u8
 create mode 100644 writable/session/ci_sessionrscp7g1uqr9djd2fmv1ves63ib26q2fp
 create mode 100644 writable/session/ci_sessions2a9obhpf2eabogrk6bqfmeeercjfauo
 create mode 100644 writable/session/ci_sessionv8g306h4cg12fs5kahoercqpvj52cfl4

2025-02-24 23:11:28 - Webhook received
From github.com:nguyentuantrong075/superadmin
 * branch              main       -> FETCH_HEAD
   e551e9bb..1157448b  main       -> origin/main
Updating e551e9bb..1157448b
Fast-forward
 app/Config/Routes.php                              |  6 +++---
 app/Controllers/B/Project_Controller.php           | 19 +++++++++++++++++
 app/Models/Project_Model.php                       | 20 ++++++++++++++++++
 app/Views/B/pages/project/project_list.php         | 24 +---------------------
 .../ci_sessionfvjlssriqdvq22hpedn0vft5bfkd6p9e     |  1 +
 .../ci_sessiongtvlt7h9huatrocu614arkk3iskpgus1     |  2 +-
 .../ci_sessionpheerdq5oddr19g29be284nars54m0b7     |  1 +
 7 files changed, 46 insertions(+), 27 deletions(-)
 create mode 100644 writable/session/ci_sessionfvjlssriqdvq22hpedn0vft5bfkd6p9e
 create mode 100644 writable/session/ci_sessionpheerdq5oddr19g29be284nars54m0b7

2025-02-25 15:35:43 - Webhook received
From github.com:nguyentuantrong075/superadmin
 * branch              main       -> FETCH_HEAD
   1157448b..5c06f864  main       -> origin/main
Updating 1157448b..5c06f864
Fast-forward
 app/Controllers/B/News.php                                  | 2 +-
 writable/session/ci_session1iics1nsjr8i50uj5q5njgeh38rrk0u4 | 1 +
 writable/session/ci_session747m4899pbjr8e5op7fdbfa0k9vavpnm | 1 +
 writable/session/ci_sessiond6to6207r0cgg39nai9f45g02qt06da2 | 1 +
 writable/session/ci_sessionesmbct2iqqi6490lnjgj7scuuiucdfsb | 1 +
 writable/session/ci_sessionfbtvvls742atf6lv7lekt7tl2h56is5h | 1 +
 6 files changed, 6 insertions(+), 1 deletion(-)
 create mode 100644 writable/session/ci_session1iics1nsjr8i50uj5q5njgeh38rrk0u4
 create mode 100644 writable/session/ci_session747m4899pbjr8e5op7fdbfa0k9vavpnm
 create mode 100644 writable/session/ci_sessiond6to6207r0cgg39nai9f45g02qt06da2
 create mode 100644 writable/session/ci_sessionesmbct2iqqi6490lnjgj7scuuiucdfsb
 create mode 100644 writable/session/ci_sessionfbtvvls742atf6lv7lekt7tl2h56is5h

2025-03-04 14:25:55 - Webhook received
From github.com:nguyentuantrong075/superadmin
 * branch              main       -> FETCH_HEAD
   5c06f864..00675a02  main       -> origin/main
Updating 5c06f864..00675a02
Fast-forward
 app/Config/Routes.php                              |   2 +-
 app/Controllers/B/User.php                         | 113 +++++++++------------
 app/Views/B/layouts/_header.php                    |   2 +-
 app/Views/B/pages/user/edit_user.php               |  75 ++++++--------
 .../ci_session0d93ru2lrkq08caepsnkgfdcm3i8emm9     |   1 -
 .../ci_session0p36cl7g60s9io3ds8uriek7f3vg5jkg     |   1 -
 ... => ci_session18khuaa75hgnsl0i0884ap64cgr9lo3v} |   2 +-
 ... => ci_session1gfikvjhnlk3ma0fblf088p531kdksvc} |   2 +-
 .../ci_session1ng1tlu57aqmih5giea8v0u45j63ttnu     |   1 -
 .../ci_session1qtg37ailmb1a8t58v6o0cjd8jocv88o     |   1 -
 .../ci_session23qrnrf1i8nn3ccf870fjqmdkeom42j9     |   1 -
 .../ci_session3223ml1vknb44643b918sj1e2efistgo     |   1 +
 .../ci_session375sdm7bnbpdovklg1h5ftch4b34v8fh     |   1 -
 .../ci_session3cdfj4831u5av2d9jkat8vqphtgg93bh     |   1 -
 .../ci_session4bgvq2ejjbq3ul3qeo97oe4f4tl4f2dv     |   1 -
 .../ci_session4uk3f6oo87l5neo7lmdoc4er6bnmtphr     |   1 -
 .../ci_session5a65ueiqs5vrr9u08tc2gsa51vtedggm     |   1 -
 .../ci_session5fis65dh06b0e0u2a55mg4ecq8k30iim     |   1 -
 .../ci_session5te4sfjtafd9eh2p8s2fl03b3q1t66u7     |   1 -
 .../ci_session6e9cbqvacljiq66drodnk7idsjd50s30     |   1 +
 .../ci_session8jlts09ig7k2s6cm7un15vdmlbqj5jpr     |   1 -
 .../ci_session8nvbpaejoff79s16bk31qoik4jne79rv     |   1 +
 .../ci_session8o5e6ogcfijia99boqugrsu0olee2sb6     |   1 +
 .../ci_sessiona1em9rip3c55c22n0un7ck0ggj3dhktt     |   1 -
 .../ci_sessionc15m22ougbsnac3lv5q1k0bnlkchlpqi     |   1 -
 .../ci_sessiond6to6207r0cgg39nai9f45g02qt06da2     |   1 -
 .../ci_sessionde6335rutcapil26itv438ok4987hrmd     |   1 -
 .../ci_sessiondjmdq6bslmvdk07jgg2e03qnsukp0cnv     |   1 -
 .../ci_sessione7nbjd4hs4o16cp84g26ufp3qtlasgl7     |   1 -
 .../ci_sessione830lfnq4b4ob7h899o1q70a4f32299v     |   1 -
 .../ci_sessionegtsanqt504et20c9ul8u6o4rrarob0o     |   1 -
 .../ci_sessionesmbct2iqqi6490lnjgj7scuuiucdfsb     |   1 -
 .../ci_sessionf6548ebaihshndcuii7c5fa5p9g4qab3     |   1 -
 .../ci_sessionfbtvvls742atf6lv7lekt7tl2h56is5h     |   1 -
 .../ci_sessionfjk2env2jvv7um7lhop4pr0s4o54a50h     |   1 -
 .../ci_sessionfokhmhpvoe5h2v0isr8gpjsohkkas8hd     |   1 -
 .../ci_sessionfph1sf14ectpjhhpldhl8t9q8dndvbdr     |   1 +
 .../ci_sessionfvjlssriqdvq22hpedn0vft5bfkd6p9e     |   1 -
 .../ci_sessiong8jl2ej0oc2krrg9t648phj3revgs9n0     |   1 -
 .../ci_sessiongtvlt7h9huatrocu614arkk3iskpgus1     |   1 -
 .../ci_sessionhdqa0oa03t64p4shpq2sbq8mrt0attcp     |   1 -
 .../ci_sessionir1cv8bc0a04vba7lpcpr6fssm7vd91h     |   1 -
 .../ci_sessionivdqjf8h3ppq5vn2d0e38rjgri7eb02g     |   1 -
 .../ci_sessionivkalv83r0c43e4tdcn3tfd4bju42ggp     |   1 -
 .../ci_sessionjgt5q1pf8e6e3fnk7j0edtj09ti5rdam     |   1 -
 .../ci_sessionk2ikmr7ela77jsj6mi5m574848e869m1     |   1 -
 .../ci_sessionk8k4139mvi32qn8h31o1m9iqu3k3rfqo     |   1 +
 .../ci_sessionkdvevc5f3aenn8ngl2vsqndu9rs4tb4p     |   1 +
 .../ci_sessionmhrn1uieeakg9dbskeh6bp8drr4g57t4     |   1 -
 .../ci_sessionn22vr6iktf7vtomalq1plvs2giq9oba6     |   1 -
 .../ci_sessionnhfmtvl7j22utbm8le8n32m0bflau7u8     |   1 -
 .../ci_sessionp3o53i1c6tpqv91abp142m6f3uanrasf     |   1 -
 .../ci_sessionpheerdq5oddr19g29be284nars54m0b7     |   1 -
 .../ci_sessionq8rjgm4gm6puv31knnvntgbqg2anf1fu     |   1 -
 .../ci_sessionqq72hkmutccrvhf3jfjg1613cgp11rkk     |   1 -
 .../ci_sessionqqcss4scuusv6n87jsqcurc5oghmus7h     |   1 -
 .../ci_sessionrscp7g1uqr9djd2fmv1ves63ib26q2fp     |   1 -
 .../ci_sessionrvhtui72cn0rtqodk6lgdco1n34knv19     |   1 -
 .../ci_sessions0b97ekme0h69se0r9eu6s9utcu3jk7a     |   1 -
 .../ci_sessions2a9obhpf2eabogrk6bqfmeeercjfauo     |   1 -
 .../ci_sessions61d8t7au3ah99k7sfdc5ona797d466e     |   1 -
 .../ci_sessionsf0tsnr7kjbnhnbf96nuughr3sricqmo     |   1 +
 .../ci_sessionsr74kbesqhq335hh151jutie7gtg32ec     |   1 -
 .../ci_sessionst4lu76e80lj4ghjaf2isi6226167fpn     |   1 -
 .../ci_sessionue2mndfpnkus2mtjpvm38q9db3ku9cll     |   1 -
 .../ci_sessionv8g306h4cg12fs5kahoercqpvj52cfl4     |   1 -
 66 files changed, 87 insertions(+), 169 deletions(-)
 delete mode 100644 writable/session/ci_session0d93ru2lrkq08caepsnkgfdcm3i8emm9
 delete mode 100644 writable/session/ci_session0p36cl7g60s9io3ds8uriek7f3vg5jkg
 rename writable/session/{ci_session1iics1nsjr8i50uj5q5njgeh38rrk0u4 => ci_session18khuaa75hgnsl0i0884ap64cgr9lo3v} (94%)
 rename writable/session/{ci_session747m4899pbjr8e5op7fdbfa0k9vavpnm => ci_session1gfikvjhnlk3ma0fblf088p531kdksvc} (94%)
 delete mode 100644 writable/session/ci_session1ng1tlu57aqmih5giea8v0u45j63ttnu
 delete mode 100644 writable/session/ci_session1qtg37ailmb1a8t58v6o0cjd8jocv88o
 delete mode 100644 writable/session/ci_session23qrnrf1i8nn3ccf870fjqmdkeom42j9
 create mode 100644 writable/session/ci_session3223ml1vknb44643b918sj1e2efistgo
 delete mode 100644 writable/session/ci_session375sdm7bnbpdovklg1h5ftch4b34v8fh
 delete mode 100644 writable/session/ci_session3cdfj4831u5av2d9jkat8vqphtgg93bh
 delete mode 100644 writable/session/ci_session4bgvq2ejjbq3ul3qeo97oe4f4tl4f2dv
 delete mode 100644 writable/session/ci_session4uk3f6oo87l5neo7lmdoc4er6bnmtphr
 delete mode 100644 writable/session/ci_session5a65ueiqs5vrr9u08tc2gsa51vtedggm
 delete mode 100644 writable/session/ci_session5fis65dh06b0e0u2a55mg4ecq8k30iim
 delete mode 100644 writable/session/ci_session5te4sfjtafd9eh2p8s2fl03b3q1t66u7
 create mode 100644 writable/session/ci_session6e9cbqvacljiq66drodnk7idsjd50s30
 delete mode 100644 writable/session/ci_session8jlts09ig7k2s6cm7un15vdmlbqj5jpr
 create mode 100644 writable/session/ci_session8nvbpaejoff79s16bk31qoik4jne79rv
 create mode 100644 writable/session/ci_session8o5e6ogcfijia99boqugrsu0olee2sb6
 delete mode 100644 writable/session/ci_sessiona1em9rip3c55c22n0un7ck0ggj3dhktt
 delete mode 100644 writable/session/ci_sessionc15m22ougbsnac3lv5q1k0bnlkchlpqi
 delete mode 100644 writable/session/ci_sessiond6to6207r0cgg39nai9f45g02qt06da2
 delete mode 100644 writable/session/ci_sessionde6335rutcapil26itv438ok4987hrmd
 delete mode 100644 writable/session/ci_sessiondjmdq6bslmvdk07jgg2e03qnsukp0cnv
 delete mode 100644 writable/session/ci_sessione7nbjd4hs4o16cp84g26ufp3qtlasgl7
 delete mode 100644 writable/session/ci_sessione830lfnq4b4ob7h899o1q70a4f32299v
 delete mode 100644 writable/session/ci_sessionegtsanqt504et20c9ul8u6o4rrarob0o
 delete mode 100644 writable/session/ci_sessionesmbct2iqqi6490lnjgj7scuuiucdfsb
 delete mode 100644 writable/session/ci_sessionf6548ebaihshndcuii7c5fa5p9g4qab3
 delete mode 100644 writable/session/ci_sessionfbtvvls742atf6lv7lekt7tl2h56is5h
 delete mode 100644 writable/session/ci_sessionfjk2env2jvv7um7lhop4pr0s4o54a50h
 delete mode 100644 writable/session/ci_sessionfokhmhpvoe5h2v0isr8gpjsohkkas8hd
 create mode 100644 writable/session/ci_sessionfph1sf14ectpjhhpldhl8t9q8dndvbdr
 delete mode 100644 writable/session/ci_sessionfvjlssriqdvq22hpedn0vft5bfkd6p9e
 delete mode 100644 writable/session/ci_sessiong8jl2ej0oc2krrg9t648phj3revgs9n0
 delete mode 100644 writable/session/ci_sessiongtvlt7h9huatrocu614arkk3iskpgus1
 delete mode 100644 writable/session/ci_sessionhdqa0oa03t64p4shpq2sbq8mrt0attcp
 delete mode 100644 writable/session/ci_sessionir1cv8bc0a04vba7lpcpr6fssm7vd91h
 delete mode 100644 writable/session/ci_sessionivdqjf8h3ppq5vn2d0e38rjgri7eb02g
 delete mode 100644 writable/session/ci_sessionivkalv83r0c43e4tdcn3tfd4bju42ggp
 delete mode 100644 writable/session/ci_sessionjgt5q1pf8e6e3fnk7j0edtj09ti5rdam
 delete mode 100644 writable/session/ci_sessionk2ikmr7ela77jsj6mi5m574848e869m1
 create mode 100644 writable/session/ci_sessionk8k4139mvi32qn8h31o1m9iqu3k3rfqo
 create mode 100644 writable/session/ci_sessionkdvevc5f3aenn8ngl2vsqndu9rs4tb4p
 delete mode 100644 writable/session/ci_sessionmhrn1uieeakg9dbskeh6bp8drr4g57t4
 delete mode 100644 writable/session/ci_sessionn22vr6iktf7vtomalq1plvs2giq9oba6
 delete mode 100644 writable/session/ci_sessionnhfmtvl7j22utbm8le8n32m0bflau7u8
 delete mode 100644 writable/session/ci_sessionp3o53i1c6tpqv91abp142m6f3uanrasf
 delete mode 100644 writable/session/ci_sessionpheerdq5oddr19g29be284nars54m0b7
 delete mode 100644 writable/session/ci_sessionq8rjgm4gm6puv31knnvntgbqg2anf1fu
 delete mode 100644 writable/session/ci_sessionqq72hkmutccrvhf3jfjg1613cgp11rkk
 delete mode 100644 writable/session/ci_sessionqqcss4scuusv6n87jsqcurc5oghmus7h
 delete mode 100644 writable/session/ci_sessionrscp7g1uqr9djd2fmv1ves63ib26q2fp
 delete mode 100644 writable/session/ci_sessionrvhtui72cn0rtqodk6lgdco1n34knv19
 delete mode 100644 writable/session/ci_sessions0b97ekme0h69se0r9eu6s9utcu3jk7a
 delete mode 100644 writable/session/ci_sessions2a9obhpf2eabogrk6bqfmeeercjfauo
 delete mode 100644 writable/session/ci_sessions61d8t7au3ah99k7sfdc5ona797d466e
 create mode 100644 writable/session/ci_sessionsf0tsnr7kjbnhnbf96nuughr3sricqmo
 delete mode 100644 writable/session/ci_sessionsr74kbesqhq335hh151jutie7gtg32ec
 delete mode 100644 writable/session/ci_sessionst4lu76e80lj4ghjaf2isi6226167fpn
 delete mode 100644 writable/session/ci_sessionue2mndfpnkus2mtjpvm38q9db3ku9cll
 delete mode 100644 writable/session/ci_sessionv8g306h4cg12fs5kahoercqpvj52cfl4

2025-03-05 06:23:41 - Webhook received
From github.com:nguyentuantrong075/superadmin
 * branch              main       -> FETCH_HEAD
   00675a02..9bc12b3d  main       -> origin/main
Updating 00675a02..9bc12b3d
Fast-forward
 app/Controllers/B/Project_Controller.php           |  27 ++--
 app/Models/Project_Model.php                       |  13 ++
 app/Views/B/pages/project/project_edit.php         | 173 ++++++++++++++++++---
 .../ci_session7ikueerb81a5gi1l6egh2e52ciu7hp51     |   1 +
 .../ci_session88ui1resr89jfrmi5vlhtdkud96s0qs2     |   1 +
 .../ci_session8d6f9ssjtm28ujpql535urfl736t7443     |   1 +
 .../ci_session8tv89qqav897q79flhep85m2luk70job     |   1 +
 .../ci_sessionebu39nt7nd6fgkme4jd6io09o9b7jlhc     |   1 +
 .../ci_sessionfs91kvfdm5rkdhk0g6ld4mkn8r32io72     |   1 +
 .../ci_sessionjtasualn9n0p18jbrbsvqv9eon60l54n     |   1 +
 .../ci_sessionkdvevc5f3aenn8ngl2vsqndu9rs4tb4p     |   2 +-
 .../ci_sessionla25tck2pvrlnakdo5voqgd9tvsffc9m     |   1 +
 .../ci_sessionns9et668srgkffog6p2epm8hjovl8vn6     |   1 +
 .../ci_sessionp1p2qv5i3e5nkmiluqrff813noo0hf4o     |   1 +
 .../ci_sessionp6j4q28a675u6mg3k38bssuouoedn2ii     |   1 +
 .../ci_sessionr1nbnvaq4jin6epdckvqt1ita6ihmpno     |   1 +
 16 files changed, 199 insertions(+), 28 deletions(-)
 create mode 100644 writable/session/ci_session7ikueerb81a5gi1l6egh2e52ciu7hp51
 create mode 100644 writable/session/ci_session88ui1resr89jfrmi5vlhtdkud96s0qs2
 create mode 100644 writable/session/ci_session8d6f9ssjtm28ujpql535urfl736t7443
 create mode 100644 writable/session/ci_session8tv89qqav897q79flhep85m2luk70job
 create mode 100644 writable/session/ci_sessionebu39nt7nd6fgkme4jd6io09o9b7jlhc
 create mode 100644 writable/session/ci_sessionfs91kvfdm5rkdhk0g6ld4mkn8r32io72
 create mode 100644 writable/session/ci_sessionjtasualn9n0p18jbrbsvqv9eon60l54n
 create mode 100644 writable/session/ci_sessionla25tck2pvrlnakdo5voqgd9tvsffc9m
 create mode 100644 writable/session/ci_sessionns9et668srgkffog6p2epm8hjovl8vn6
 create mode 100644 writable/session/ci_sessionp1p2qv5i3e5nkmiluqrff813noo0hf4o
 create mode 100644 writable/session/ci_sessionp6j4q28a675u6mg3k38bssuouoedn2ii
 create mode 100644 writable/session/ci_sessionr1nbnvaq4jin6epdckvqt1ita6ihmpno

2025-03-05 06:31:24 - Webhook received
From github.com:nguyentuantrong075/superadmin
 * branch              main       -> FETCH_HEAD
   9bc12b3d..1f347c59  main       -> origin/main
Updating 9bc12b3d..1f347c59
Fast-forward
 app/Controllers/B/Project_Controller.php                    | 2 +-
 app/Views/B/pages/project/project_edit.php                  | 8 ++------
 writable/session/ci_session25c8ncp4csoa65smq6hkrtoqmhninv22 | 1 +
 writable/session/ci_session88ui1resr89jfrmi5vlhtdkud96s0qs2 | 2 +-
 4 files changed, 5 insertions(+), 8 deletions(-)
 create mode 100644 writable/session/ci_session25c8ncp4csoa65smq6hkrtoqmhninv22

2025-03-06 12:37:11 - Webhook received
From github.com:nguyentuantrong075/superadmin
 * branch              main       -> FETCH_HEAD
   1f347c59..d25adee9  main       -> origin/main
Updating 1f347c59..d25adee9
Fast-forward
 app/Controllers/B/Menu.php                         | 32 ++++++++++++++--------
 app/Models/Menu_Model.php                          |  5 ++--
 app/Views/B/pages/menu/menu_create.php             |  4 +--
 app/Views/B/pages/menu/menu_list.php               |  5 ++++
 .../ci_session18khuaa75hgnsl0i0884ap64cgr9lo3v     |  1 -
 .../ci_session1gfikvjhnlk3ma0fblf088p531kdksvc     |  1 -
 .../ci_session25c8ncp4csoa65smq6hkrtoqmhninv22     |  1 -
 .../ci_session3223ml1vknb44643b918sj1e2efistgo     |  1 -
 .../ci_session6e9cbqvacljiq66drodnk7idsjd50s30     |  1 -
 .../ci_session7eo20qjmipfbj5j6025hpj5jgmt7h714     |  1 +
 .../ci_session7ikueerb81a5gi1l6egh2e52ciu7hp51     |  1 -
 .../ci_session88ui1resr89jfrmi5vlhtdkud96s0qs2     |  1 -
 .../ci_session8d6f9ssjtm28ujpql535urfl736t7443     |  1 -
 .../ci_session8nvbpaejoff79s16bk31qoik4jne79rv     |  1 -
 .../ci_session8o5e6ogcfijia99boqugrsu0olee2sb6     |  1 -
 .../ci_session8tv89qqav897q79flhep85m2luk70job     |  1 -
 .../ci_sessionaqj954g17emd4n76btpg2pv9b4a5va1v     |  1 +
 .../ci_sessionebu39nt7nd6fgkme4jd6io09o9b7jlhc     |  1 -
 .../ci_sessionfph1sf14ectpjhhpldhl8t9q8dndvbdr     |  1 -
 .../ci_sessionfs91kvfdm5rkdhk0g6ld4mkn8r32io72     |  1 -
 .../ci_sessionhi2csvgqrt7fp97vcpeut3vblbifsfmt     |  1 +
 .../ci_sessionjnepj8m74j26587j4ielaq3o74v4ml7l     |  1 +
 .../ci_sessionjtasualn9n0p18jbrbsvqv9eon60l54n     |  1 -
 .../ci_sessionk8k4139mvi32qn8h31o1m9iqu3k3rfqo     |  1 -
 .../ci_sessionkdvevc5f3aenn8ngl2vsqndu9rs4tb4p     |  1 -
 .../ci_sessionla25tck2pvrlnakdo5voqgd9tvsffc9m     |  1 -
 .../ci_sessionns9et668srgkffog6p2epm8hjovl8vn6     |  1 -
 .../ci_sessionnvos7u4tejc4latbd3ma3okb0kq6arv5     |  1 +
 .../ci_sessionp1p2qv5i3e5nkmiluqrff813noo0hf4o     |  1 -
 .../ci_sessionp6j4q28a675u6mg3k38bssuouoedn2ii     |  1 -
 .../ci_sessionr1nbnvaq4jin6epdckvqt1ita6ihmpno     |  1 -
 .../ci_sessionsf0tsnr7kjbnhnbf96nuughr3sricqmo     |  1 -
 .../ci_sessionvb6n20v5birudoattilue8ajqskrhe2s     |  1 +
 .../ci_sessionvkgrsn2b23c1e77b510jv6ua2sgp5u9r     |  1 +
 34 files changed, 37 insertions(+), 39 deletions(-)
 delete mode 100644 writable/session/ci_session18khuaa75hgnsl0i0884ap64cgr9lo3v
 delete mode 100644 writable/session/ci_session1gfikvjhnlk3ma0fblf088p531kdksvc
 delete mode 100644 writable/session/ci_session25c8ncp4csoa65smq6hkrtoqmhninv22
 delete mode 100644 writable/session/ci_session3223ml1vknb44643b918sj1e2efistgo
 delete mode 100644 writable/session/ci_session6e9cbqvacljiq66drodnk7idsjd50s30
 create mode 100644 writable/session/ci_session7eo20qjmipfbj5j6025hpj5jgmt7h714
 delete mode 100644 writable/session/ci_session7ikueerb81a5gi1l6egh2e52ciu7hp51
 delete mode 100644 writable/session/ci_session88ui1resr89jfrmi5vlhtdkud96s0qs2
 delete mode 100644 writable/session/ci_session8d6f9ssjtm28ujpql535urfl736t7443
 delete mode 100644 writable/session/ci_session8nvbpaejoff79s16bk31qoik4jne79rv
 delete mode 100644 writable/session/ci_session8o5e6ogcfijia99boqugrsu0olee2sb6
 delete mode 100644 writable/session/ci_session8tv89qqav897q79flhep85m2luk70job
 create mode 100644 writable/session/ci_sessionaqj954g17emd4n76btpg2pv9b4a5va1v
 delete mode 100644 writable/session/ci_sessionebu39nt7nd6fgkme4jd6io09o9b7jlhc
 delete mode 100644 writable/session/ci_sessionfph1sf14ectpjhhpldhl8t9q8dndvbdr
 delete mode 100644 writable/session/ci_sessionfs91kvfdm5rkdhk0g6ld4mkn8r32io72
 create mode 100644 writable/session/ci_sessionhi2csvgqrt7fp97vcpeut3vblbifsfmt
 create mode 100644 writable/session/ci_sessionjnepj8m74j26587j4ielaq3o74v4ml7l
 delete mode 100644 writable/session/ci_sessionjtasualn9n0p18jbrbsvqv9eon60l54n
 delete mode 100644 writable/session/ci_sessionk8k4139mvi32qn8h31o1m9iqu3k3rfqo
 delete mode 100644 writable/session/ci_sessionkdvevc5f3aenn8ngl2vsqndu9rs4tb4p
 delete mode 100644 writable/session/ci_sessionla25tck2pvrlnakdo5voqgd9tvsffc9m
 delete mode 100644 writable/session/ci_sessionns9et668srgkffog6p2epm8hjovl8vn6
 create mode 100644 writable/session/ci_sessionnvos7u4tejc4latbd3ma3okb0kq6arv5
 delete mode 100644 writable/session/ci_sessionp1p2qv5i3e5nkmiluqrff813noo0hf4o
 delete mode 100644 writable/session/ci_sessionp6j4q28a675u6mg3k38bssuouoedn2ii
 delete mode 100644 writable/session/ci_sessionr1nbnvaq4jin6epdckvqt1ita6ihmpno
 delete mode 100644 writable/session/ci_sessionsf0tsnr7kjbnhnbf96nuughr3sricqmo
 create mode 100644 writable/session/ci_sessionvb6n20v5birudoattilue8ajqskrhe2s
 create mode 100644 writable/session/ci_sessionvkgrsn2b23c1e77b510jv6ua2sgp5u9r

2025-03-06 12:45:53 - Webhook received
From github.com:nguyentuantrong075/superadmin
 * branch              main       -> FETCH_HEAD
   d25adee9..7100fc05  main       -> origin/main
Updating d25adee9..7100fc05
Fast-forward
 app/Controllers/A/Menu.php                                  | 5 +++--
 writable/session/ci_session5rqj58ifmdkotstms7kcdk2lacf31enu | 1 +
 writable/session/ci_sessionit3q5l30hpshl69tcbrn0lse8iuupnua | 1 +
 writable/session/ci_sessionjnepj8m74j26587j4ielaq3o74v4ml7l | 2 +-
 4 files changed, 6 insertions(+), 3 deletions(-)
 create mode 100644 writable/session/ci_session5rqj58ifmdkotstms7kcdk2lacf31enu
 create mode 100644 writable/session/ci_sessionit3q5l30hpshl69tcbrn0lse8iuupnua

2025-03-06 15:28:14 - Webhook received
From github.com:nguyentuantrong075/superadmin
 * branch              main       -> FETCH_HEAD
   7100fc05..48f09e9d  main       -> origin/main
Updating 7100fc05..48f09e9d
Fast-forward
 app/Controllers/B/Menu.php | 3 +++
 1 file changed, 3 insertions(+)

2025-03-06 15:31:09 - Webhook received
From github.com:nguyentuantrong075/superadmin
 * branch              main       -> FETCH_HEAD
   48f09e9d..89434638  main       -> origin/main
Updating 48f09e9d..89434638
Fast-forward
 app/Controllers/B/Menu.php | 4 ++++
 1 file changed, 4 insertions(+)

2025-03-06 15:34:02 - Webhook received
From github.com:nguyentuantrong075/superadmin
 * branch              main       -> FETCH_HEAD
   89434638..562b3bb3  main       -> origin/main
Updating 89434638..562b3bb3
Fast-forward
 app/Controllers/B/Menu.php | 7 +++++--
 1 file changed, 5 insertions(+), 2 deletions(-)

2025-03-06 15:42:06 - Webhook received
From github.com:nguyentuantrong075/superadmin
 * branch              main       -> FETCH_HEAD
   562b3bb3..d0f3e21a  main       -> origin/main
Updating 562b3bb3..d0f3e21a
Fast-forward
 app/Controllers/B/Menu.php | 23 ++++++++++++++---------
 1 file changed, 14 insertions(+), 9 deletions(-)

2025-03-06 15:43:33 - Webhook received
From github.com:nguyentuantrong075/superadmin
 * branch              main       -> FETCH_HEAD
   d0f3e21a..e8a18439  main       -> origin/main
Updating d0f3e21a..e8a18439
Fast-forward
 app/Controllers/B/Menu.php | 1 +
 1 file changed, 1 insertion(+)

2025-03-06 15:52:18 - Webhook received
From github.com:nguyentuantrong075/superadmin
 * branch              main       -> FETCH_HEAD
   e8a18439..2c584a9c  main       -> origin/main
Updating e8a18439..2c584a9c
Fast-forward
 app/Config/Cache.php                                  |  7 +++++--
 app/Controllers/B/Menu.php                            | 19 ++++++++++++++-----
 .../ci_sessionf127vjq2t01i1jfej51e0vfdvtcadssu        |  1 +
 .../ci_sessionok52tuvep94cqak128jqc6fr1nar8s8n        |  1 +
 4 files changed, 21 insertions(+), 7 deletions(-)
 create mode 100644 writable/session/ci_sessionf127vjq2t01i1jfej51e0vfdvtcadssu
 create mode 100644 writable/session/ci_sessionok52tuvep94cqak128jqc6fr1nar8s8n

2025-03-06 16:19:27 - Webhook received
From github.com:nguyentuantrong075/superadmin
 * branch              main       -> FETCH_HEAD
   2c584a9c..96091e21  main       -> origin/main
Updating 2c584a9c..96091e21
Fast-forward
 app/Controllers/B/LandingController.php            | 37 +++++++++--
 app/Views/B/pages/landing/edit.php                 | 77 ++++++++++++++++++++++
 .../ci_session57suf06qcikd4idl9a395e02lhofd0j3     |  1 +
 .../ci_session5rqj58ifmdkotstms7kcdk2lacf31enu     |  1 -
 .../ci_sessionaqj954g17emd4n76btpg2pv9b4a5va1v     |  1 -
 .../ci_sessionhi2csvgqrt7fp97vcpeut3vblbifsfmt     |  1 -
 ... => ci_sessioni57g2i7gfm8n73qa0au52dpiplmc97lk} |  2 +-
 .../ci_sessionjnepj8m74j26587j4ielaq3o74v4ml7l     |  1 -
 .../ci_sessionnvos7u4tejc4latbd3ma3okb0kq6arv5     |  1 -
 .../ci_sessionok52tuvep94cqak128jqc6fr1nar8s8n     |  2 +-
 ... => ci_sessionu4heohkre40tbh8kp1cl876de8ubk6us} |  2 +-
 .../ci_sessionvb6n20v5birudoattilue8ajqskrhe2s     |  1 -
 .../ci_sessionvkgrsn2b23c1e77b510jv6ua2sgp5u9r     |  1 -
 13 files changed, 114 insertions(+), 14 deletions(-)
 create mode 100644 writable/session/ci_session57suf06qcikd4idl9a395e02lhofd0j3
 delete mode 100644 writable/session/ci_session5rqj58ifmdkotstms7kcdk2lacf31enu
 delete mode 100644 writable/session/ci_sessionaqj954g17emd4n76btpg2pv9b4a5va1v
 delete mode 100644 writable/session/ci_sessionhi2csvgqrt7fp97vcpeut3vblbifsfmt
 rename writable/session/{ci_sessionit3q5l30hpshl69tcbrn0lse8iuupnua => ci_sessioni57g2i7gfm8n73qa0au52dpiplmc97lk} (93%)
 delete mode 100644 writable/session/ci_sessionjnepj8m74j26587j4ielaq3o74v4ml7l
 delete mode 100644 writable/session/ci_sessionnvos7u4tejc4latbd3ma3okb0kq6arv5
 rename writable/session/{ci_session7eo20qjmipfbj5j6025hpj5jgmt7h714 => ci_sessionu4heohkre40tbh8kp1cl876de8ubk6us} (93%)
 delete mode 100644 writable/session/ci_sessionvb6n20v5birudoattilue8ajqskrhe2s
 delete mode 100644 writable/session/ci_sessionvkgrsn2b23c1e77b510jv6ua2sgp5u9r

2025-03-06 16:33:57 - Webhook received
From github.com:nguyentuantrong075/superadmin
 * branch              main       -> FETCH_HEAD
   96091e21..95a4f127  main       -> origin/main
Updating 96091e21..95a4f127
Fast-forward
 app/Config/Routes.php                              |  2 +-
 app/Controllers/B/Language.php                     | 41 ++++++++++++++++++++++
 app/Views/B/layouts/_sidebar.php                   |  7 ++++
 .../ci_sessionk30bpbt21cljsoa7sd8mumpcklj61r44     |  1 +
 .../ci_sessionqjbirtsfpu1m99nflg84oibs0kq0kmhj     |  1 +
 .../ci_sessionu4heohkre40tbh8kp1cl876de8ubk6us     |  2 +-
 .../ci_sessionv1ti9rvr6gbccce5tq9g9jkipapcdqjs     |  1 +
 7 files changed, 53 insertions(+), 2 deletions(-)
 create mode 100644 app/Controllers/B/Language.php
 create mode 100644 writable/session/ci_sessionk30bpbt21cljsoa7sd8mumpcklj61r44
 create mode 100644 writable/session/ci_sessionqjbirtsfpu1m99nflg84oibs0kq0kmhj
 create mode 100644 writable/session/ci_sessionv1ti9rvr6gbccce5tq9g9jkipapcdqjs

2025-03-08 14:45:57 - Webhook received
From github.com:nguyentuantrong075/superadmin
 * branch              main       -> FETCH_HEAD
   95a4f127..68df3a9f  main       -> origin/main
Updating 95a4f127..68df3a9f
Fast-forward
 app/Controllers/B/Slideshow.php                    |   8 +-
 app/Models/Slideshow_Model.php                     |   6 +-
 app/Views/B/pages/slideshow/slideshow_create.php   |  56 ++++----
 app/Views/B/pages/slideshow/slideshow_edit.php     | 158 ++++++---------------
 .../ci_session5jk7utvgirbemdf4179vjtaa0kgtt8f7     |   1 +
 .../ci_sessionl51l30d6mchb4qm9kookq623fdip03r6     |   1 +
 .../ci_sessionlrjtp07ohjluc3hhqt8k5qhgtoirme0k     |   1 +
 .../ci_sessionn3g4kr2cfs9036166arfn62dgbc5tn1e     |   1 +
 .../ci_sessionon0u63o3sfhta8jf8clli4s2t9694a23     |   1 +
 .../ci_sessionr5ofbtom0iilhimm0fg5s14nn9omqkcu     |   1 +
 .../ci_sessionrntftp1pajha5pko74f1fvoaqg1qf4ug     |   1 +
 11 files changed, 94 insertions(+), 141 deletions(-)
 create mode 100644 writable/session/ci_session5jk7utvgirbemdf4179vjtaa0kgtt8f7
 create mode 100644 writable/session/ci_sessionl51l30d6mchb4qm9kookq623fdip03r6
 create mode 100644 writable/session/ci_sessionlrjtp07ohjluc3hhqt8k5qhgtoirme0k
 create mode 100644 writable/session/ci_sessionn3g4kr2cfs9036166arfn62dgbc5tn1e
 create mode 100644 writable/session/ci_sessionon0u63o3sfhta8jf8clli4s2t9694a23
 create mode 100644 writable/session/ci_sessionr5ofbtom0iilhimm0fg5s14nn9omqkcu
 create mode 100644 writable/session/ci_sessionrntftp1pajha5pko74f1fvoaqg1qf4ug

2025-03-08 15:56:12 - Webhook received
From github.com:nguyentuantrong075/superadmin
 * branch              main       -> FETCH_HEAD
   68df3a9f..370b74ae  main       -> origin/main
Updating 68df3a9f..370b74ae
Fast-forward
 app/Controllers/B/Slideshow.php                    | 36 ++++++++--------------
 app/Views/B/pages/slideshow/slideshow_list.php     |  2 +-
 .../ci_sessionfi89kbjag6s6qaceq84slikh0j7jjptt     |  1 +
 .../ci_sessionl0ac7ula7mc8q9c0e5cggeelsc2n1ue9     |  1 +
 .../ci_sessionlrjtp07ohjluc3hhqt8k5qhgtoirme0k     |  2 +-
 .../ci_sessionrejjg1veatb0sd9q18qu6hv9g4t2l4qv     |  1 +
 6 files changed, 17 insertions(+), 26 deletions(-)
 create mode 100644 writable/session/ci_sessionfi89kbjag6s6qaceq84slikh0j7jjptt
 create mode 100644 writable/session/ci_sessionl0ac7ula7mc8q9c0e5cggeelsc2n1ue9
 create mode 100644 writable/session/ci_sessionrejjg1veatb0sd9q18qu6hv9g4t2l4qv

